{
  "C:\\Users\\user\\pet-projects\\react-2025\\class-components\\class-components\\src\\App.tsx": {
    "path": "C:\\Users\\user\\pet-projects\\react-2025\\class-components\\class-components\\src\\App.tsx",
    "all": false,
    "statementMap": {
      "0": {
        "start": { "line": 1, "column": 0 },
        "end": { "line": 1, "column": 34 }
      },
      "1": {
        "start": { "line": 2, "column": 0 },
        "end": { "line": 2, "column": 59 }
      },
      "2": {
        "start": { "line": 3, "column": 0 },
        "end": { "line": 3, "column": 59 }
      },
      "3": {
        "start": { "line": 4, "column": 0 },
        "end": { "line": 4, "column": 61 }
      },
      "6": {
        "start": { "line": 7, "column": 0 },
        "end": { "line": 7, "column": 35 }
      },
      "15": {
        "start": { "line": 16, "column": 0 },
        "end": { "line": 16, "column": 51 }
      },
      "16": {
        "start": { "line": 17, "column": 0 },
        "end": { "line": 17, "column": 30 }
      },
      "17": {
        "start": { "line": 18, "column": 0 },
        "end": { "line": 18, "column": 17 }
      },
      "19": {
        "start": { "line": 20, "column": 0 },
        "end": { "line": 20, "column": 18 }
      },
      "20": {
        "start": { "line": 21, "column": 0 },
        "end": { "line": 21, "column": 21 }
      },
      "21": {
        "start": { "line": 22, "column": 0 },
        "end": { "line": 22, "column": 23 }
      },
      "22": {
        "start": { "line": 23, "column": 0 },
        "end": { "line": 23, "column": 18 }
      },
      "23": {
        "start": { "line": 24, "column": 0 },
        "end": { "line": 24, "column": 28 }
      },
      "24": {
        "start": { "line": 25, "column": 0 },
        "end": { "line": 25, "column": 6 }
      },
      "25": {
        "start": { "line": 26, "column": 0 },
        "end": { "line": 26, "column": 3 }
      },
      "27": {
        "start": { "line": 28, "column": 0 },
        "end": { "line": 28, "column": 56 }
      },
      "28": {
        "start": { "line": 29, "column": 0 },
        "end": { "line": 29, "column": 19 }
      },
      "29": {
        "start": { "line": 30, "column": 0 },
        "end": { "line": 30, "column": 22 }
      },
      "30": {
        "start": { "line": 31, "column": 0 },
        "end": { "line": 31, "column": 18 }
      },
      "31": {
        "start": { "line": 32, "column": 0 },
        "end": { "line": 32, "column": 36 }
      },
      "32": {
        "start": { "line": 33, "column": 0 },
        "end": { "line": 33, "column": 7 }
      },
      "34": {
        "start": { "line": 35, "column": 0 },
        "end": { "line": 35, "column": 9 }
      },
      "36": {
        "start": { "line": 37, "column": 0 },
        "end": { "line": 37, "column": 21 }
      },
      "38": {
        "start": { "line": 39, "column": 0 },
        "end": { "line": 39, "column": 25 }
      },
      "39": {
        "start": { "line": 40, "column": 0 },
        "end": { "line": 40, "column": 9 }
      },
      "40": {
        "start": { "line": 41, "column": 0 },
        "end": { "line": 41, "column": 35 }
      },
      "41": {
        "start": { "line": 42, "column": 0 },
        "end": { "line": 42, "column": 79 }
      },
      "42": {
        "start": { "line": 43, "column": 0 },
        "end": { "line": 43, "column": 8 }
      },
      "43": {
        "start": { "line": 44, "column": 0 },
        "end": { "line": 44, "column": 41 }
      },
      "45": {
        "start": { "line": 46, "column": 0 },
        "end": { "line": 46, "column": 50 }
      },
      "46": {
        "start": { "line": 47, "column": 0 },
        "end": { "line": 47, "column": 23 }
      },
      "47": {
        "start": { "line": 48, "column": 0 },
        "end": { "line": 48, "column": 38 }
      },
      "48": {
        "start": { "line": 49, "column": 0 },
        "end": { "line": 49, "column": 64 }
      },
      "49": {
        "start": { "line": 50, "column": 0 },
        "end": { "line": 50, "column": 12 }
      },
      "50": {
        "start": { "line": 51, "column": 0 },
        "end": { "line": 51, "column": 11 }
      },
      "51": {
        "start": { "line": 52, "column": 0 },
        "end": { "line": 52, "column": 7 }
      },
      "52": {
        "start": { "line": 53, "column": 0 },
        "end": { "line": 53, "column": 21 }
      },
      "53": {
        "start": { "line": 54, "column": 0 },
        "end": { "line": 54, "column": 44 }
      },
      "54": {
        "start": { "line": 55, "column": 0 },
        "end": { "line": 55, "column": 21 }
      },
      "55": {
        "start": { "line": 56, "column": 0 },
        "end": { "line": 56, "column": 14 }
      },
      "56": {
        "start": { "line": 57, "column": 0 },
        "end": { "line": 57, "column": 32 }
      },
      "57": {
        "start": { "line": 58, "column": 0 },
        "end": { "line": 58, "column": 27 }
      },
      "58": {
        "start": { "line": 59, "column": 0 },
        "end": { "line": 59, "column": 45 }
      },
      "59": {
        "start": { "line": 60, "column": 0 },
        "end": { "line": 60, "column": 25 }
      },
      "60": {
        "start": { "line": 61, "column": 0 },
        "end": { "line": 61, "column": 23 }
      },
      "61": {
        "start": { "line": 62, "column": 0 },
        "end": { "line": 62, "column": 9 }
      },
      "62": {
        "start": { "line": 63, "column": 0 },
        "end": { "line": 63, "column": 5 }
      },
      "63": {
        "start": { "line": 64, "column": 0 },
        "end": { "line": 64, "column": 4 }
      },
      "65": {
        "start": { "line": 66, "column": 0 },
        "end": { "line": 66, "column": 31 }
      },
      "66": {
        "start": { "line": 67, "column": 0 },
        "end": { "line": 67, "column": 52 }
      },
      "67": {
        "start": { "line": 68, "column": 0 },
        "end": { "line": 68, "column": 4 }
      },
      "69": {
        "start": { "line": 70, "column": 0 },
        "end": { "line": 70, "column": 34 }
      },
      "70": {
        "start": { "line": 71, "column": 0 },
        "end": { "line": 71, "column": 20 }
      },
      "71": {
        "start": { "line": 72, "column": 0 },
        "end": { "line": 72, "column": 76 }
      },
      "72": {
        "start": { "line": 73, "column": 0 },
        "end": { "line": 73, "column": 6 }
      },
      "73": {
        "start": { "line": 74, "column": 0 },
        "end": { "line": 74, "column": 4 }
      },
      "75": {
        "start": { "line": 76, "column": 0 },
        "end": { "line": 76, "column": 12 }
      },
      "76": {
        "start": { "line": 77, "column": 0 },
        "end": { "line": 77, "column": 56 }
      },
      "78": {
        "start": { "line": 79, "column": 0 },
        "end": { "line": 79, "column": 12 }
      },
      "79": {
        "start": { "line": 80, "column": 0 },
        "end": { "line": 80, "column": 61 }
      },
      "80": {
        "start": { "line": 81, "column": 0 },
        "end": { "line": 81, "column": 76 }
      },
      "82": {
        "start": { "line": 83, "column": 0 },
        "end": { "line": 83, "column": 23 }
      },
      "83": {
        "start": { "line": 84, "column": 0 },
        "end": { "line": 84, "column": 33 }
      },
      "84": {
        "start": { "line": 85, "column": 0 },
        "end": { "line": 85, "column": 31 }
      },
      "85": {
        "start": { "line": 86, "column": 0 },
        "end": { "line": 86, "column": 23 }
      },
      "86": {
        "start": { "line": 87, "column": 0 },
        "end": { "line": 87, "column": 36 }
      },
      "87": {
        "start": { "line": 88, "column": 0 },
        "end": { "line": 88, "column": 10 }
      },
      "90": {
        "start": { "line": 91, "column": 0 },
        "end": { "line": 91, "column": 48 }
      },
      "91": {
        "start": { "line": 92, "column": 0 },
        "end": { "line": 92, "column": 17 }
      },
      "92": {
        "start": { "line": 93, "column": 0 },
        "end": { "line": 93, "column": 41 }
      },
      "93": {
        "start": { "line": 94, "column": 0 },
        "end": { "line": 94, "column": 107 }
      },
      "94": {
        "start": { "line": 95, "column": 0 },
        "end": { "line": 95, "column": 39 }
      },
      "96": {
        "start": { "line": 97, "column": 0 },
        "end": { "line": 97, "column": 39 }
      },
      "97": {
        "start": { "line": 98, "column": 0 },
        "end": { "line": 98, "column": 19 }
      },
      "98": {
        "start": { "line": 99, "column": 0 },
        "end": { "line": 99, "column": 14 }
      },
      "99": {
        "start": { "line": 100, "column": 0 },
        "end": { "line": 100, "column": 12 }
      },
      "101": {
        "start": { "line": 102, "column": 0 },
        "end": { "line": 102, "column": 3 }
      },
      "102": {
        "start": { "line": 103, "column": 0 },
        "end": { "line": 103, "column": 1 }
      },
      "104": {
        "start": { "line": 105, "column": 0 },
        "end": { "line": 105, "column": 16 }
      },
      "105": {
        "start": { "line": 106, "column": 0 },
        "end": { "line": 106, "column": 10 }
      },
      "106": {
        "start": { "line": 107, "column": 0 },
        "end": { "line": 107, "column": 19 }
      },
      "107": {
        "start": { "line": 108, "column": 0 },
        "end": { "line": 108, "column": 20 }
      },
      "108": {
        "start": { "line": 109, "column": 0 },
        "end": { "line": 109, "column": 20 }
      },
      "110": {
        "start": { "line": 111, "column": 0 },
        "end": { "line": 111, "column": 1 }
      },
      "112": {
        "start": { "line": 113, "column": 0 },
        "end": { "line": 113, "column": 19 }
      }
    },
    "s": {
      "0": 1,
      "1": 1,
      "2": 1,
      "3": 1,
      "6": 1,
      "15": 1,
      "16": 1,
      "17": 12,
      "19": 12,
      "20": 12,
      "21": 12,
      "22": 12,
      "23": 12,
      "24": 12,
      "25": 12,
      "27": 1,
      "28": 13,
      "29": 13,
      "30": 13,
      "31": 13,
      "32": 13,
      "34": 13,
      "36": 13,
      "38": 13,
      "39": 13,
      "40": 13,
      "41": 13,
      "42": 13,
      "43": 11,
      "45": 13,
      "46": 4,
      "47": 4,
      "48": 4,
      "49": 4,
      "50": 4,
      "51": 4,
      "52": 13,
      "53": 3,
      "54": 3,
      "55": 3,
      "56": 3,
      "57": 3,
      "58": 0,
      "59": 3,
      "60": 3,
      "61": 3,
      "62": 3,
      "63": 13,
      "65": 1,
      "66": 1,
      "67": 1,
      "69": 1,
      "70": 0,
      "71": 0,
      "72": 0,
      "73": 0,
      "75": 1,
      "76": 30,
      "78": 30,
      "79": 30,
      "80": 30,
      "82": 30,
      "83": 30,
      "84": 30,
      "85": 30,
      "86": 30,
      "87": 30,
      "90": 30,
      "91": 30,
      "92": 30,
      "93": 30,
      "94": 30,
      "96": 30,
      "97": 30,
      "98": 30,
      "99": 30,
      "101": 30,
      "102": 1,
      "104": 12,
      "105": 12,
      "106": 12,
      "107": 12,
      "108": 12,
      "110": 12,
      "112": 1
    },
    "branchMap": {
      "0": {
        "type": "branch",
        "line": 17,
        "loc": {
          "start": { "line": 17, "column": 2 },
          "end": { "line": 26, "column": 3 }
        },
        "locations": [
          {
            "start": { "line": 17, "column": 2 },
            "end": { "line": 26, "column": 3 }
          }
        ]
      },
      "1": {
        "type": "branch",
        "line": 28,
        "loc": {
          "start": { "line": 28, "column": 25 },
          "end": { "line": 64, "column": 4 }
        },
        "locations": [
          {
            "start": { "line": 28, "column": 25 },
            "end": { "line": 64, "column": 4 }
          }
        ]
      },
      "2": {
        "type": "branch",
        "line": 43,
        "loc": {
          "start": { "line": 43, "column": 6 },
          "end": { "line": 44, "column": 41 }
        },
        "locations": [
          {
            "start": { "line": 43, "column": 6 },
            "end": { "line": 44, "column": 41 }
          }
        ]
      },
      "3": {
        "type": "branch",
        "line": 44,
        "loc": {
          "start": { "line": 44, "column": 39 },
          "end": { "line": 46, "column": 49 }
        },
        "locations": [
          {
            "start": { "line": 44, "column": 39 },
            "end": { "line": 46, "column": 49 }
          }
        ]
      },
      "4": {
        "type": "branch",
        "line": 46,
        "loc": {
          "start": { "line": 46, "column": 49 },
          "end": { "line": 52, "column": 7 }
        },
        "locations": [
          {
            "start": { "line": 46, "column": 49 },
            "end": { "line": 52, "column": 7 }
          }
        ]
      },
      "5": {
        "type": "branch",
        "line": 53,
        "loc": {
          "start": { "line": 53, "column": 4 },
          "end": { "line": 63, "column": 5 }
        },
        "locations": [
          {
            "start": { "line": 53, "column": 4 },
            "end": { "line": 63, "column": 5 }
          }
        ]
      },
      "6": {
        "type": "branch",
        "line": 58,
        "loc": {
          "start": { "line": 58, "column": 20 },
          "end": { "line": 59, "column": 45 }
        },
        "locations": [
          {
            "start": { "line": 58, "column": 20 },
            "end": { "line": 59, "column": 45 }
          }
        ]
      },
      "7": {
        "type": "branch",
        "line": 49,
        "loc": {
          "start": { "line": 49, "column": 12 },
          "end": { "line": 49, "column": 64 }
        },
        "locations": [
          {
            "start": { "line": 49, "column": 12 },
            "end": { "line": 49, "column": 64 }
          }
        ]
      },
      "8": {
        "type": "branch",
        "line": 66,
        "loc": {
          "start": { "line": 66, "column": 24 },
          "end": { "line": 68, "column": 4 }
        },
        "locations": [
          {
            "start": { "line": 66, "column": 24 },
            "end": { "line": 68, "column": 4 }
          }
        ]
      },
      "9": {
        "type": "branch",
        "line": 76,
        "loc": {
          "start": { "line": 76, "column": 2 },
          "end": { "line": 102, "column": 3 }
        },
        "locations": [
          {
            "start": { "line": 76, "column": 2 },
            "end": { "line": 102, "column": 3 }
          }
        ]
      },
      "10": {
        "type": "branch",
        "line": 105,
        "loc": {
          "start": { "line": 105, "column": 0 },
          "end": { "line": 111, "column": 1 }
        },
        "locations": [
          {
            "start": { "line": 105, "column": 0 },
            "end": { "line": 111, "column": 1 }
          }
        ]
      }
    },
    "b": {
      "0": [12],
      "1": [13],
      "2": [11],
      "3": [10],
      "4": [4],
      "5": [3],
      "6": [0],
      "7": [4],
      "8": [1],
      "9": [30],
      "10": [12]
    },
    "fnMap": {
      "0": {
        "name": "AppContent",
        "decl": {
          "start": { "line": 17, "column": 2 },
          "end": { "line": 26, "column": 3 }
        },
        "loc": {
          "start": { "line": 17, "column": 2 },
          "end": { "line": 26, "column": 3 }
        },
        "line": 17
      },
      "1": {
        "name": "AppContent.handleSearch",
        "decl": {
          "start": { "line": 28, "column": 25 },
          "end": { "line": 64, "column": 4 }
        },
        "loc": {
          "start": { "line": 28, "column": 25 },
          "end": { "line": 64, "column": 4 }
        },
        "line": 28
      },
      "2": {
        "name": "AppContent.handleRetry",
        "decl": {
          "start": { "line": 66, "column": 24 },
          "end": { "line": 68, "column": 4 }
        },
        "loc": {
          "start": { "line": 66, "column": 24 },
          "end": { "line": 68, "column": 4 }
        },
        "line": 66
      },
      "3": {
        "name": "AppContent.throwTestError",
        "decl": {
          "start": { "line": 70, "column": 27 },
          "end": { "line": 74, "column": 4 }
        },
        "loc": {
          "start": { "line": 70, "column": 27 },
          "end": { "line": 74, "column": 4 }
        },
        "line": 70
      },
      "4": {
        "name": "render",
        "decl": {
          "start": { "line": 76, "column": 2 },
          "end": { "line": 102, "column": 3 }
        },
        "loc": {
          "start": { "line": 76, "column": 2 },
          "end": { "line": 102, "column": 3 }
        },
        "line": 76
      },
      "5": {
        "name": "App",
        "decl": {
          "start": { "line": 105, "column": 0 },
          "end": { "line": 111, "column": 1 }
        },
        "loc": {
          "start": { "line": 105, "column": 0 },
          "end": { "line": 111, "column": 1 }
        },
        "line": 105
      }
    },
    "f": { "0": 12, "1": 13, "2": 1, "3": 0, "4": 30, "5": 12 }
  },
  "C:\\Users\\user\\pet-projects\\react-2025\\class-components\\class-components\\src\\components\\CharacterCard.tsx": {
    "path": "C:\\Users\\user\\pet-projects\\react-2025\\class-components\\class-components\\src\\components\\CharacterCard.tsx",
    "all": false,
    "statementMap": {
      "0": {
        "start": { "line": 1, "column": 0 },
        "end": { "line": 1, "column": 34 }
      },
      "8": {
        "start": { "line": 9, "column": 0 },
        "end": { "line": 9, "column": 53 }
      },
      "9": {
        "start": { "line": 10, "column": 0 },
        "end": { "line": 10, "column": 65 }
      },
      "10": {
        "start": { "line": 11, "column": 0 },
        "end": { "line": 11, "column": 23 }
      },
      "12": {
        "start": { "line": 13, "column": 0 },
        "end": { "line": 13, "column": 41 }
      },
      "13": {
        "start": { "line": 14, "column": 0 },
        "end": { "line": 14, "column": 37 }
      },
      "14": {
        "start": { "line": 15, "column": 0 },
        "end": { "line": 15, "column": 5 }
      },
      "16": {
        "start": { "line": 17, "column": 0 },
        "end": { "line": 17, "column": 45 }
      },
      "17": {
        "start": { "line": 18, "column": 0 },
        "end": { "line": 18, "column": 51 }
      },
      "18": {
        "start": { "line": 19, "column": 0 },
        "end": { "line": 19, "column": 5 }
      },
      "20": {
        "start": { "line": 21, "column": 0 },
        "end": { "line": 21, "column": 41 }
      },
      "21": {
        "start": { "line": 22, "column": 0 },
        "end": { "line": 22, "column": 49 }
      },
      "22": {
        "start": { "line": 23, "column": 0 },
        "end": { "line": 23, "column": 5 }
      },
      "24": {
        "start": { "line": 25, "column": 0 },
        "end": { "line": 25, "column": 39 }
      },
      "25": {
        "start": { "line": 26, "column": 0 },
        "end": { "line": 26, "column": 42 }
      },
      "26": {
        "start": { "line": 27, "column": 0 },
        "end": { "line": 27, "column": 5 }
      },
      "28": {
        "start": { "line": 29, "column": 0 },
        "end": { "line": 29, "column": 31 }
      },
      "29": {
        "start": { "line": 30, "column": 0 },
        "end": { "line": 30, "column": 4 }
      },
      "31": {
        "start": { "line": 32, "column": 0 },
        "end": { "line": 32, "column": 12 }
      },
      "32": {
        "start": { "line": 33, "column": 0 },
        "end": { "line": 33, "column": 37 }
      },
      "33": {
        "start": { "line": 34, "column": 0 },
        "end": { "line": 34, "column": 58 }
      },
      "35": {
        "start": { "line": 36, "column": 0 },
        "end": { "line": 36, "column": 12 }
      },
      "36": {
        "start": { "line": 37, "column": 0 },
        "end": { "line": 37, "column": 127 }
      },
      "37": {
        "start": { "line": 38, "column": 0 },
        "end": { "line": 38, "column": 52 }
      },
      "38": {
        "start": { "line": 39, "column": 0 },
        "end": { "line": 39, "column": 41 }
      },
      "39": {
        "start": { "line": 40, "column": 0 },
        "end": { "line": 40, "column": 131 }
      },
      "40": {
        "start": { "line": 41, "column": 0 },
        "end": { "line": 41, "column": 53 }
      },
      "41": {
        "start": { "line": 42, "column": 0 },
        "end": { "line": 42, "column": 18 }
      },
      "42": {
        "start": { "line": 43, "column": 0 },
        "end": { "line": 43, "column": 16 }
      },
      "44": {
        "start": { "line": 45, "column": 0 },
        "end": { "line": 45, "column": 42 }
      },
      "45": {
        "start": { "line": 46, "column": 0 },
        "end": { "line": 46, "column": 69 }
      },
      "46": {
        "start": { "line": 47, "column": 0 },
        "end": { "line": 47, "column": 30 }
      },
      "47": {
        "start": { "line": 48, "column": 0 },
        "end": { "line": 48, "column": 17 }
      },
      "49": {
        "start": { "line": 50, "column": 0 },
        "end": { "line": 50, "column": 29 }
      },
      "50": {
        "start": { "line": 51, "column": 0 },
        "end": { "line": 51, "column": 73 }
      },
      "53": {
        "start": { "line": 54, "column": 0 },
        "end": { "line": 54, "column": 72 }
      },
      "54": {
        "start": { "line": 55, "column": 0 },
        "end": { "line": 55, "column": 50 }
      },
      "55": {
        "start": { "line": 56, "column": 0 },
        "end": { "line": 56, "column": 61 }
      },
      "56": {
        "start": { "line": 57, "column": 0 },
        "end": { "line": 57, "column": 47 }
      },
      "57": {
        "start": { "line": 58, "column": 0 },
        "end": { "line": 58, "column": 51 }
      },
      "58": {
        "start": { "line": 59, "column": 0 },
        "end": { "line": 59, "column": 22 }
      },
      "61": {
        "start": { "line": 62, "column": 0 },
        "end": { "line": 62, "column": 48 }
      },
      "62": {
        "start": { "line": 63, "column": 0 },
        "end": { "line": 63, "column": 61 }
      },
      "63": {
        "start": { "line": 64, "column": 0 },
        "end": { "line": 64, "column": 48 }
      },
      "64": {
        "start": { "line": 65, "column": 0 },
        "end": { "line": 65, "column": 49 }
      },
      "65": {
        "start": { "line": 66, "column": 0 },
        "end": { "line": 66, "column": 22 }
      },
      "68": {
        "start": { "line": 69, "column": 0 },
        "end": { "line": 69, "column": 54 }
      },
      "69": {
        "start": { "line": 70, "column": 0 },
        "end": { "line": 70, "column": 61 }
      },
      "70": {
        "start": { "line": 71, "column": 0 },
        "end": { "line": 71, "column": 50 }
      },
      "71": {
        "start": { "line": 72, "column": 0 },
        "end": { "line": 72, "column": 53 }
      },
      "72": {
        "start": { "line": 73, "column": 0 },
        "end": { "line": 73, "column": 22 }
      },
      "74": {
        "start": { "line": 75, "column": 0 },
        "end": { "line": 75, "column": 18 }
      },
      "75": {
        "start": { "line": 76, "column": 0 },
        "end": { "line": 76, "column": 16 }
      },
      "76": {
        "start": { "line": 77, "column": 0 },
        "end": { "line": 77, "column": 14 }
      },
      "77": {
        "start": { "line": 78, "column": 0 },
        "end": { "line": 78, "column": 12 }
      },
      "79": {
        "start": { "line": 80, "column": 0 },
        "end": { "line": 80, "column": 3 }
      },
      "80": {
        "start": { "line": 81, "column": 0 },
        "end": { "line": 81, "column": 1 }
      }
    },
    "s": {
      "0": 1,
      "8": 1,
      "9": 20,
      "10": 20,
      "12": 20,
      "13": 18,
      "14": 18,
      "16": 20,
      "17": 17,
      "18": 17,
      "20": 20,
      "21": 18,
      "22": 18,
      "24": 20,
      "25": 17,
      "26": 17,
      "28": 20,
      "29": 20,
      "31": 1,
      "32": 20,
      "33": 20,
      "35": 20,
      "36": 20,
      "37": 20,
      "38": 20,
      "39": 20,
      "40": 20,
      "41": 20,
      "42": 20,
      "44": 20,
      "45": 20,
      "46": 20,
      "47": 20,
      "49": 20,
      "50": 19,
      "53": 20,
      "54": 20,
      "55": 18,
      "56": 18,
      "57": 18,
      "58": 18,
      "61": 20,
      "62": 17,
      "63": 17,
      "64": 17,
      "65": 17,
      "68": 20,
      "69": 17,
      "70": 17,
      "71": 17,
      "72": 17,
      "74": 20,
      "75": 20,
      "76": 20,
      "77": 20,
      "79": 20,
      "80": 1
    },
    "branchMap": {
      "0": {
        "type": "branch",
        "line": 9,
        "loc": {
          "start": { "line": 9, "column": 7 },
          "end": { "line": 30, "column": 4 }
        },
        "locations": [
          {
            "start": { "line": 9, "column": 7 },
            "end": { "line": 30, "column": 4 }
          }
        ]
      },
      "1": {
        "type": "branch",
        "line": 10,
        "loc": {
          "start": { "line": 10, "column": 30 },
          "end": { "line": 30, "column": 4 }
        },
        "locations": [
          {
            "start": { "line": 10, "column": 30 },
            "end": { "line": 30, "column": 4 }
          }
        ]
      },
      "2": {
        "type": "branch",
        "line": 13,
        "loc": {
          "start": { "line": 13, "column": 40 },
          "end": { "line": 15, "column": 5 }
        },
        "locations": [
          {
            "start": { "line": 13, "column": 40 },
            "end": { "line": 15, "column": 5 }
          }
        ]
      },
      "3": {
        "type": "branch",
        "line": 17,
        "loc": {
          "start": { "line": 17, "column": 44 },
          "end": { "line": 19, "column": 5 }
        },
        "locations": [
          {
            "start": { "line": 17, "column": 44 },
            "end": { "line": 19, "column": 5 }
          }
        ]
      },
      "4": {
        "type": "branch",
        "line": 21,
        "loc": {
          "start": { "line": 21, "column": 40 },
          "end": { "line": 23, "column": 5 }
        },
        "locations": [
          {
            "start": { "line": 21, "column": 40 },
            "end": { "line": 23, "column": 5 }
          }
        ]
      },
      "5": {
        "type": "branch",
        "line": 25,
        "loc": {
          "start": { "line": 25, "column": 38 },
          "end": { "line": 27, "column": 5 }
        },
        "locations": [
          {
            "start": { "line": 25, "column": 38 },
            "end": { "line": 27, "column": 5 }
          }
        ]
      },
      "6": {
        "type": "branch",
        "line": 32,
        "loc": {
          "start": { "line": 32, "column": 2 },
          "end": { "line": 80, "column": 3 }
        },
        "locations": [
          {
            "start": { "line": 32, "column": 2 },
            "end": { "line": 80, "column": 3 }
          }
        ]
      },
      "7": {
        "type": "branch",
        "line": 50,
        "loc": {
          "start": { "line": 50, "column": 13 },
          "end": { "line": 51, "column": 73 }
        },
        "locations": [
          {
            "start": { "line": 50, "column": 13 },
            "end": { "line": 51, "column": 73 }
          }
        ]
      },
      "8": {
        "type": "branch",
        "line": 55,
        "loc": {
          "start": { "line": 55, "column": 36 },
          "end": { "line": 59, "column": 22 }
        },
        "locations": [
          {
            "start": { "line": 55, "column": 36 },
            "end": { "line": 59, "column": 22 }
          }
        ]
      },
      "9": {
        "type": "branch",
        "line": 62,
        "loc": {
          "start": { "line": 62, "column": 34 },
          "end": { "line": 66, "column": 22 }
        },
        "locations": [
          {
            "start": { "line": 62, "column": 34 },
            "end": { "line": 66, "column": 22 }
          }
        ]
      },
      "10": {
        "type": "branch",
        "line": 69,
        "loc": {
          "start": { "line": 69, "column": 40 },
          "end": { "line": 73, "column": 22 }
        },
        "locations": [
          {
            "start": { "line": 69, "column": 40 },
            "end": { "line": 73, "column": 22 }
          }
        ]
      }
    },
    "b": {
      "0": [20],
      "1": [20],
      "2": [18],
      "3": [17],
      "4": [18],
      "5": [17],
      "6": [20],
      "7": [19],
      "8": [18],
      "9": [17],
      "10": [17]
    },
    "fnMap": {
      "0": {
        "name": "CharacterCard",
        "decl": {
          "start": { "line": 9, "column": 7 },
          "end": { "line": 30, "column": 4 }
        },
        "loc": {
          "start": { "line": 9, "column": 7 },
          "end": { "line": 30, "column": 4 }
        },
        "line": 9
      },
      "1": {
        "name": "CharacterCard.formatDescription",
        "decl": {
          "start": { "line": 10, "column": 30 },
          "end": { "line": 30, "column": 4 }
        },
        "loc": {
          "start": { "line": 10, "column": 30 },
          "end": { "line": 30, "column": 4 }
        },
        "line": 10
      },
      "2": {
        "name": "render",
        "decl": {
          "start": { "line": 32, "column": 2 },
          "end": { "line": 80, "column": 3 }
        },
        "loc": {
          "start": { "line": 32, "column": 2 },
          "end": { "line": 80, "column": 3 }
        },
        "line": 32
      }
    },
    "f": { "0": 20, "1": 20, "2": 20 }
  },
  "C:\\Users\\user\\pet-projects\\react-2025\\class-components\\class-components\\src\\components\\ErrorBoundary.tsx": {
    "path": "C:\\Users\\user\\pet-projects\\react-2025\\class-components\\class-components\\src\\components\\ErrorBoundary.tsx",
    "all": false,
    "statementMap": {
      "0": {
        "start": { "line": 1, "column": 0 },
        "end": { "line": 1, "column": 41 }
      },
      "13": {
        "start": { "line": 14, "column": 0 },
        "end": { "line": 14, "column": 60 }
      },
      "14": {
        "start": { "line": 15, "column": 0 },
        "end": { "line": 15, "column": 29 }
      },
      "15": {
        "start": { "line": 16, "column": 0 },
        "end": { "line": 16, "column": 17 }
      },
      "16": {
        "start": { "line": 17, "column": 0 },
        "end": { "line": 17, "column": 37 }
      },
      "17": {
        "start": { "line": 18, "column": 0 },
        "end": { "line": 18, "column": 3 }
      },
      "19": {
        "start": { "line": 20, "column": 0 },
        "end": { "line": 20, "column": 56 }
      },
      "20": {
        "start": { "line": 21, "column": 0 },
        "end": { "line": 21, "column": 37 }
      },
      "21": {
        "start": { "line": 22, "column": 0 },
        "end": { "line": 22, "column": 3 }
      },
      "23": {
        "start": { "line": 24, "column": 0 },
        "end": { "line": 24, "column": 63 }
      },
      "24": {
        "start": { "line": 25, "column": 0 },
        "end": { "line": 25, "column": 65 }
      },
      "25": {
        "start": { "line": 26, "column": 0 },
        "end": { "line": 26, "column": 3 }
      },
      "27": {
        "start": { "line": 28, "column": 0 },
        "end": { "line": 28, "column": 12 }
      },
      "28": {
        "start": { "line": 29, "column": 0 },
        "end": { "line": 29, "column": 30 }
      },
      "29": {
        "start": { "line": 30, "column": 0 },
        "end": { "line": 30, "column": 14 }
      },
      "30": {
        "start": { "line": 31, "column": 0 },
        "end": { "line": 31, "column": 87 }
      },
      "31": {
        "start": { "line": 32, "column": 0 },
        "end": { "line": 32, "column": 89 }
      },
      "32": {
        "start": { "line": 33, "column": 0 },
        "end": { "line": 33, "column": 77 }
      },
      "33": {
        "start": { "line": 34, "column": 0 },
        "end": { "line": 34, "column": 66 }
      },
      "35": {
        "start": { "line": 36, "column": 0 },
        "end": { "line": 36, "column": 17 }
      },
      "36": {
        "start": { "line": 37, "column": 0 },
        "end": { "line": 37, "column": 46 }
      },
      "39": {
        "start": { "line": 40, "column": 0 },
        "end": { "line": 40, "column": 16 }
      },
      "40": {
        "start": { "line": 41, "column": 0 },
        "end": { "line": 41, "column": 19 }
      },
      "41": {
        "start": { "line": 42, "column": 0 },
        "end": { "line": 42, "column": 54 }
      },
      "42": {
        "start": { "line": 43, "column": 0 },
        "end": { "line": 43, "column": 105 }
      },
      "43": {
        "start": { "line": 44, "column": 0 },
        "end": { "line": 44, "column": 13 }
      },
      "45": {
        "start": { "line": 46, "column": 0 },
        "end": { "line": 46, "column": 21 }
      },
      "46": {
        "start": { "line": 47, "column": 0 },
        "end": { "line": 47, "column": 34 }
      },
      "47": {
        "start": { "line": 48, "column": 0 },
        "end": { "line": 48, "column": 50 }
      },
      "48": {
        "start": { "line": 49, "column": 0 },
        "end": { "line": 49, "column": 74 }
      },
      "50": {
        "start": { "line": 51, "column": 0 },
        "end": { "line": 51, "column": 26 }
      },
      "51": {
        "start": { "line": 52, "column": 0 },
        "end": { "line": 52, "column": 95 }
      },
      "52": {
        "start": { "line": 53, "column": 0 },
        "end": { "line": 53, "column": 47 }
      },
      "53": {
        "start": { "line": 54, "column": 0 },
        "end": { "line": 54, "column": 22 }
      },
      "54": {
        "start": { "line": 55, "column": 0 },
        "end": { "line": 55, "column": 24 }
      },
      "56": {
        "start": { "line": 57, "column": 0 },
        "end": { "line": 57, "column": 16 }
      },
      "57": {
        "start": { "line": 58, "column": 0 },
        "end": { "line": 58, "column": 14 }
      },
      "59": {
        "start": { "line": 60, "column": 0 },
        "end": { "line": 60, "column": 5 }
      },
      "61": {
        "start": { "line": 62, "column": 0 },
        "end": { "line": 62, "column": 31 }
      },
      "62": {
        "start": { "line": 63, "column": 0 },
        "end": { "line": 63, "column": 3 }
      },
      "63": {
        "start": { "line": 64, "column": 0 },
        "end": { "line": 64, "column": 1 }
      }
    },
    "s": {
      "0": 1,
      "13": 1,
      "14": 1,
      "15": 32,
      "16": 32,
      "17": 32,
      "19": 1,
      "20": 18,
      "21": 18,
      "23": 1,
      "24": 9,
      "25": 9,
      "27": 1,
      "28": 49,
      "29": 19,
      "30": 19,
      "31": 19,
      "32": 19,
      "33": 19,
      "35": 19,
      "36": 19,
      "39": 19,
      "40": 19,
      "41": 19,
      "42": 19,
      "43": 19,
      "45": 19,
      "46": 19,
      "47": 19,
      "48": 19,
      "50": 19,
      "51": 19,
      "52": 19,
      "53": 19,
      "54": 19,
      "56": 19,
      "57": 19,
      "59": 19,
      "61": 30,
      "62": 49,
      "63": 1
    },
    "branchMap": {
      "0": {
        "type": "branch",
        "line": 15,
        "loc": {
          "start": { "line": 15, "column": 2 },
          "end": { "line": 18, "column": 3 }
        },
        "locations": [
          {
            "start": { "line": 15, "column": 2 },
            "end": { "line": 18, "column": 3 }
          }
        ]
      },
      "1": {
        "type": "branch",
        "line": 20,
        "loc": {
          "start": { "line": 20, "column": 9 },
          "end": { "line": 22, "column": 3 }
        },
        "locations": [
          {
            "start": { "line": 20, "column": 9 },
            "end": { "line": 22, "column": 3 }
          }
        ]
      },
      "2": {
        "type": "branch",
        "line": 24,
        "loc": {
          "start": { "line": 24, "column": 2 },
          "end": { "line": 26, "column": 3 }
        },
        "locations": [
          {
            "start": { "line": 24, "column": 2 },
            "end": { "line": 26, "column": 3 }
          }
        ]
      },
      "3": {
        "type": "branch",
        "line": 28,
        "loc": {
          "start": { "line": 28, "column": 2 },
          "end": { "line": 63, "column": 3 }
        },
        "locations": [
          {
            "start": { "line": 28, "column": 2 },
            "end": { "line": 63, "column": 3 }
          }
        ]
      },
      "4": {
        "type": "branch",
        "line": 29,
        "loc": {
          "start": { "line": 29, "column": 29 },
          "end": { "line": 62, "column": 31 }
        },
        "locations": [
          {
            "start": { "line": 29, "column": 29 },
            "end": { "line": 62, "column": 31 }
          }
        ]
      },
      "5": {
        "type": "branch",
        "line": 29,
        "loc": {
          "start": { "line": 29, "column": 29 },
          "end": { "line": 60, "column": 5 }
        },
        "locations": [
          {
            "start": { "line": 29, "column": 29 },
            "end": { "line": 60, "column": 5 }
          }
        ]
      },
      "6": {
        "type": "branch",
        "line": 42,
        "loc": {
          "start": { "line": 42, "column": 23 },
          "end": { "line": 42, "column": 54 }
        },
        "locations": [
          {
            "start": { "line": 42, "column": 23 },
            "end": { "line": 42, "column": 54 }
          }
        ]
      }
    },
    "b": {
      "0": [32],
      "1": [18],
      "2": [9],
      "3": [49],
      "4": [30],
      "5": [19],
      "6": [1]
    },
    "fnMap": {
      "0": {
        "name": "ErrorBoundary",
        "decl": {
          "start": { "line": 15, "column": 2 },
          "end": { "line": 18, "column": 3 }
        },
        "loc": {
          "start": { "line": 15, "column": 2 },
          "end": { "line": 18, "column": 3 }
        },
        "line": 15
      },
      "1": {
        "name": "getDerivedStateFromError",
        "decl": {
          "start": { "line": 20, "column": 9 },
          "end": { "line": 22, "column": 3 }
        },
        "loc": {
          "start": { "line": 20, "column": 9 },
          "end": { "line": 22, "column": 3 }
        },
        "line": 20
      },
      "2": {
        "name": "componentDidCatch",
        "decl": {
          "start": { "line": 24, "column": 2 },
          "end": { "line": 26, "column": 3 }
        },
        "loc": {
          "start": { "line": 24, "column": 2 },
          "end": { "line": 26, "column": 3 }
        },
        "line": 24
      },
      "3": {
        "name": "render",
        "decl": {
          "start": { "line": 28, "column": 2 },
          "end": { "line": 63, "column": 3 }
        },
        "loc": {
          "start": { "line": 28, "column": 2 },
          "end": { "line": 63, "column": 3 }
        },
        "line": 28
      },
      "4": {
        "name": "onClick",
        "decl": {
          "start": { "line": 42, "column": 23 },
          "end": { "line": 42, "column": 54 }
        },
        "loc": {
          "start": { "line": 42, "column": 23 },
          "end": { "line": 42, "column": 54 }
        },
        "line": 42
      }
    },
    "f": { "0": 32, "1": 18, "2": 9, "3": 49, "4": 1 }
  },
  "C:\\Users\\user\\pet-projects\\react-2025\\class-components\\class-components\\src\\components\\ErrorMessage.tsx": {
    "path": "C:\\Users\\user\\pet-projects\\react-2025\\class-components\\class-components\\src\\components\\ErrorMessage.tsx",
    "all": false,
    "statementMap": {
      "0": {
        "start": { "line": 1, "column": 0 },
        "end": { "line": 1, "column": 34 }
      },
      "8": {
        "start": { "line": 9, "column": 0 },
        "end": { "line": 9, "column": 52 }
      },
      "9": {
        "start": { "line": 10, "column": 0 },
        "end": { "line": 10, "column": 12 }
      },
      "10": {
        "start": { "line": 11, "column": 0 },
        "end": { "line": 11, "column": 44 }
      },
      "12": {
        "start": { "line": 13, "column": 0 },
        "end": { "line": 13, "column": 12 }
      },
      "13": {
        "start": { "line": 14, "column": 0 },
        "end": { "line": 14, "column": 76 }
      },
      "14": {
        "start": { "line": 15, "column": 0 },
        "end": { "line": 15, "column": 63 }
      },
      "15": {
        "start": { "line": 16, "column": 0 },
        "end": { "line": 16, "column": 65 }
      },
      "17": {
        "start": { "line": 18, "column": 0 },
        "end": { "line": 18, "column": 13 }
      },
      "18": {
        "start": { "line": 19, "column": 0 },
        "end": { "line": 19, "column": 76 }
      },
      "19": {
        "start": { "line": 20, "column": 0 },
        "end": { "line": 20, "column": 21 }
      },
      "20": {
        "start": { "line": 21, "column": 0 },
        "end": { "line": 21, "column": 17 }
      },
      "21": {
        "start": { "line": 22, "column": 0 },
        "end": { "line": 22, "column": 29 }
      },
      "22": {
        "start": { "line": 23, "column": 0 },
        "end": { "line": 23, "column": 103 }
      },
      "23": {
        "start": { "line": 24, "column": 0 },
        "end": { "line": 24, "column": 11 }
      },
      "25": {
        "start": { "line": 26, "column": 0 },
        "end": { "line": 26, "column": 19 }
      },
      "27": {
        "start": { "line": 28, "column": 0 },
        "end": { "line": 28, "column": 12 }
      },
      "29": {
        "start": { "line": 30, "column": 0 },
        "end": { "line": 30, "column": 3 }
      },
      "30": {
        "start": { "line": 31, "column": 0 },
        "end": { "line": 31, "column": 1 }
      }
    },
    "s": {
      "0": 1,
      "8": 1,
      "9": 1,
      "10": 16,
      "12": 16,
      "13": 16,
      "14": 16,
      "15": 16,
      "17": 16,
      "18": 16,
      "19": 16,
      "20": 9,
      "21": 9,
      "22": 9,
      "23": 9,
      "25": 9,
      "27": 16,
      "29": 16,
      "30": 1
    },
    "branchMap": {
      "0": {
        "type": "branch",
        "line": 10,
        "loc": {
          "start": { "line": 10, "column": 2 },
          "end": { "line": 30, "column": 3 }
        },
        "locations": [
          {
            "start": { "line": 10, "column": 2 },
            "end": { "line": 30, "column": 3 }
          }
        ]
      },
      "1": {
        "type": "branch",
        "line": 20,
        "loc": {
          "start": { "line": 20, "column": 9 },
          "end": { "line": 26, "column": 19 }
        },
        "locations": [
          {
            "start": { "line": 20, "column": 9 },
            "end": { "line": 26, "column": 19 }
          }
        ]
      }
    },
    "b": { "0": [16], "1": [9] },
    "fnMap": {
      "0": {
        "name": "render",
        "decl": {
          "start": { "line": 10, "column": 2 },
          "end": { "line": 30, "column": 3 }
        },
        "loc": {
          "start": { "line": 10, "column": 2 },
          "end": { "line": 30, "column": 3 }
        },
        "line": 10
      }
    },
    "f": { "0": 16 }
  },
  "C:\\Users\\user\\pet-projects\\react-2025\\class-components\\class-components\\src\\components\\LoadingSpinner.tsx": {
    "path": "C:\\Users\\user\\pet-projects\\react-2025\\class-components\\class-components\\src\\components\\LoadingSpinner.tsx",
    "all": false,
    "statementMap": {
      "0": {
        "start": { "line": 1, "column": 0 },
        "end": { "line": 1, "column": 34 }
      },
      "2": {
        "start": { "line": 3, "column": 0 },
        "end": { "line": 3, "column": 47 }
      },
      "3": {
        "start": { "line": 4, "column": 0 },
        "end": { "line": 4, "column": 12 }
      },
      "4": {
        "start": { "line": 5, "column": 0 },
        "end": { "line": 5, "column": 12 }
      },
      "5": {
        "start": { "line": 6, "column": 0 },
        "end": { "line": 6, "column": 62 }
      },
      "6": {
        "start": { "line": 7, "column": 0 },
        "end": { "line": 7, "column": 34 }
      },
      "7": {
        "start": { "line": 8, "column": 0 },
        "end": { "line": 8, "column": 112 }
      },
      "8": {
        "start": { "line": 9, "column": 0 },
        "end": { "line": 9, "column": 14 }
      },
      "9": {
        "start": { "line": 10, "column": 0 },
        "end": { "line": 10, "column": 124 }
      },
      "10": {
        "start": { "line": 11, "column": 0 },
        "end": { "line": 11, "column": 80 }
      },
      "11": {
        "start": { "line": 12, "column": 0 },
        "end": { "line": 12, "column": 17 }
      },
      "12": {
        "start": { "line": 13, "column": 0 },
        "end": { "line": 13, "column": 14 }
      },
      "13": {
        "start": { "line": 14, "column": 0 },
        "end": { "line": 14, "column": 13 }
      },
      "14": {
        "start": { "line": 15, "column": 0 },
        "end": { "line": 15, "column": 39 }
      },
      "15": {
        "start": { "line": 16, "column": 0 },
        "end": { "line": 16, "column": 52 }
      },
      "16": {
        "start": { "line": 17, "column": 0 },
        "end": { "line": 17, "column": 9 }
      },
      "18": {
        "start": { "line": 19, "column": 0 },
        "end": { "line": 19, "column": 15 }
      },
      "19": {
        "start": { "line": 20, "column": 0 },
        "end": { "line": 20, "column": 12 }
      },
      "21": {
        "start": { "line": 22, "column": 0 },
        "end": { "line": 22, "column": 3 }
      },
      "22": {
        "start": { "line": 23, "column": 0 },
        "end": { "line": 23, "column": 1 }
      }
    },
    "s": {
      "0": 1,
      "2": 1,
      "3": 1,
      "4": 7,
      "5": 7,
      "6": 7,
      "7": 7,
      "8": 7,
      "9": 7,
      "10": 7,
      "11": 7,
      "12": 7,
      "13": 7,
      "14": 7,
      "15": 7,
      "16": 7,
      "18": 7,
      "19": 7,
      "21": 7,
      "22": 1
    },
    "branchMap": {
      "0": {
        "type": "branch",
        "line": 4,
        "loc": {
          "start": { "line": 4, "column": 2 },
          "end": { "line": 22, "column": 3 }
        },
        "locations": [
          {
            "start": { "line": 4, "column": 2 },
            "end": { "line": 22, "column": 3 }
          }
        ]
      }
    },
    "b": { "0": [7] },
    "fnMap": {
      "0": {
        "name": "render",
        "decl": {
          "start": { "line": 4, "column": 2 },
          "end": { "line": 22, "column": 3 }
        },
        "loc": {
          "start": { "line": 4, "column": 2 },
          "end": { "line": 22, "column": 3 }
        },
        "line": 4
      }
    },
    "f": { "0": 7 }
  },
  "C:\\Users\\user\\pet-projects\\react-2025\\class-components\\class-components\\src\\components\\ResultsSection.tsx": {
    "path": "C:\\Users\\user\\pet-projects\\react-2025\\class-components\\class-components\\src\\components\\ResultsSection.tsx",
    "all": false,
    "statementMap": {
      "0": {
        "start": { "line": 1, "column": 0 },
        "end": { "line": 1, "column": 34 }
      },
      "13": {
        "start": { "line": 14, "column": 0 },
        "end": { "line": 14, "column": 54 }
      },
      "14": {
        "start": { "line": 15, "column": 0 },
        "end": { "line": 15, "column": 12 }
      },
      "15": {
        "start": { "line": 16, "column": 0 },
        "end": { "line": 16, "column": 65 }
      },
      "17": {
        "start": { "line": 18, "column": 0 },
        "end": { "line": 18, "column": 12 }
      },
      "18": {
        "start": { "line": 19, "column": 0 },
        "end": { "line": 19, "column": 45 }
      },
      "19": {
        "start": { "line": 20, "column": 0 },
        "end": { "line": 20, "column": 43 }
      },
      "20": {
        "start": { "line": 21, "column": 0 },
        "end": { "line": 21, "column": 43 }
      },
      "22": {
        "start": { "line": 23, "column": 0 },
        "end": { "line": 23, "column": 71 }
      },
      "24": {
        "start": { "line": 25, "column": 0 },
        "end": { "line": 25, "column": 63 }
      },
      "25": {
        "start": { "line": 26, "column": 0 },
        "end": { "line": 26, "column": 47 }
      },
      "26": {
        "start": { "line": 27, "column": 0 },
        "end": { "line": 27, "column": 51 }
      },
      "28": {
        "start": { "line": 29, "column": 0 },
        "end": { "line": 29, "column": 18 }
      },
      "29": {
        "start": { "line": 30, "column": 0 },
        "end": { "line": 30, "column": 18 }
      },
      "32": {
        "start": { "line": 33, "column": 0 },
        "end": { "line": 33, "column": 61 }
      },
      "33": {
        "start": { "line": 34, "column": 0 },
        "end": { "line": 34, "column": 17 }
      },
      "34": {
        "start": { "line": 35, "column": 0 },
        "end": { "line": 35, "column": 36 }
      },
      "35": {
        "start": { "line": 36, "column": 0 },
        "end": { "line": 36, "column": 68 }
      },
      "36": {
        "start": { "line": 37, "column": 0 },
        "end": { "line": 37, "column": 63 }
      },
      "37": {
        "start": { "line": 38, "column": 0 },
        "end": { "line": 38, "column": 55 }
      },
      "38": {
        "start": { "line": 39, "column": 0 },
        "end": { "line": 39, "column": 21 }
      },
      "39": {
        "start": { "line": 40, "column": 0 },
        "end": { "line": 40, "column": 20 }
      },
      "41": {
        "start": { "line": 42, "column": 0 },
        "end": { "line": 42, "column": 72 }
      },
      "42": {
        "start": { "line": 43, "column": 0 },
        "end": { "line": 43, "column": 55 }
      },
      "43": {
        "start": { "line": 44, "column": 0 },
        "end": { "line": 44, "column": 32 }
      },
      "44": {
        "start": { "line": 45, "column": 0 },
        "end": { "line": 45, "column": 53 }
      },
      "45": {
        "start": { "line": 46, "column": 0 },
        "end": { "line": 46, "column": 41 }
      },
      "46": {
        "start": { "line": 47, "column": 0 },
        "end": { "line": 47, "column": 20 }
      },
      "47": {
        "start": { "line": 48, "column": 0 },
        "end": { "line": 48, "column": 19 }
      },
      "48": {
        "start": { "line": 49, "column": 0 },
        "end": { "line": 49, "column": 20 }
      },
      "49": {
        "start": { "line": 50, "column": 0 },
        "end": { "line": 50, "column": 18 }
      },
      "51": {
        "start": { "line": 52, "column": 0 },
        "end": { "line": 52, "column": 14 }
      },
      "52": {
        "start": { "line": 53, "column": 0 },
        "end": { "line": 53, "column": 12 }
      },
      "54": {
        "start": { "line": 55, "column": 0 },
        "end": { "line": 55, "column": 3 }
      },
      "55": {
        "start": { "line": 56, "column": 0 },
        "end": { "line": 56, "column": 1 }
      }
    },
    "s": {
      "0": 1,
      "13": 1,
      "14": 1,
      "15": 38,
      "17": 38,
      "18": 38,
      "19": 38,
      "20": 38,
      "22": 38,
      "24": 38,
      "25": 25,
      "26": 25,
      "28": 25,
      "29": 25,
      "32": 38,
      "33": 7,
      "34": 7,
      "35": 7,
      "36": 7,
      "37": 7,
      "38": 7,
      "39": 7,
      "41": 7,
      "42": 7,
      "43": 9,
      "44": 9,
      "45": 9,
      "46": 9,
      "47": 7,
      "48": 7,
      "49": 7,
      "51": 38,
      "52": 38,
      "54": 38,
      "55": 1
    },
    "branchMap": {
      "0": {
        "type": "branch",
        "line": 15,
        "loc": {
          "start": { "line": 15, "column": 2 },
          "end": { "line": 55, "column": 3 }
        },
        "locations": [
          {
            "start": { "line": 15, "column": 2 },
            "end": { "line": 55, "column": 3 }
          }
        ]
      },
      "1": {
        "type": "branch",
        "line": 21,
        "loc": {
          "start": { "line": 21, "column": 11 },
          "end": { "line": 21, "column": 43 }
        },
        "locations": [
          {
            "start": { "line": 21, "column": 11 },
            "end": { "line": 21, "column": 43 }
          }
        ]
      },
      "2": {
        "type": "branch",
        "line": 23,
        "loc": {
          "start": { "line": 23, "column": 11 },
          "end": { "line": 23, "column": 71 }
        },
        "locations": [
          {
            "start": { "line": 23, "column": 11 },
            "end": { "line": 23, "column": 71 }
          }
        ]
      },
      "3": {
        "type": "branch",
        "line": 25,
        "loc": {
          "start": { "line": 25, "column": 12 },
          "end": { "line": 25, "column": 35 }
        },
        "locations": [
          {
            "start": { "line": 25, "column": 12 },
            "end": { "line": 25, "column": 35 }
          }
        ]
      },
      "4": {
        "type": "branch",
        "line": 25,
        "loc": {
          "start": { "line": 25, "column": 26 },
          "end": { "line": 25, "column": 63 }
        },
        "locations": [
          {
            "start": { "line": 25, "column": 26 },
            "end": { "line": 25, "column": 63 }
          }
        ]
      },
      "5": {
        "type": "branch",
        "line": 25,
        "loc": {
          "start": { "line": 25, "column": 57 },
          "end": { "line": 30, "column": 18 }
        },
        "locations": [
          {
            "start": { "line": 25, "column": 57 },
            "end": { "line": 30, "column": 18 }
          }
        ]
      },
      "6": {
        "type": "branch",
        "line": 33,
        "loc": {
          "start": { "line": 33, "column": 12 },
          "end": { "line": 33, "column": 35 }
        },
        "locations": [
          {
            "start": { "line": 33, "column": 12 },
            "end": { "line": 33, "column": 35 }
          }
        ]
      },
      "7": {
        "type": "branch",
        "line": 33,
        "loc": {
          "start": { "line": 33, "column": 26 },
          "end": { "line": 33, "column": 61 }
        },
        "locations": [
          {
            "start": { "line": 33, "column": 26 },
            "end": { "line": 33, "column": 61 }
          }
        ]
      },
      "8": {
        "type": "branch",
        "line": 33,
        "loc": {
          "start": { "line": 33, "column": 55 },
          "end": { "line": 50, "column": 18 }
        },
        "locations": [
          {
            "start": { "line": 33, "column": 55 },
            "end": { "line": 50, "column": 18 }
          }
        ]
      },
      "9": {
        "type": "branch",
        "line": 38,
        "loc": {
          "start": { "line": 38, "column": 41 },
          "end": { "line": 38, "column": 51 }
        },
        "locations": [
          {
            "start": { "line": 38, "column": 41 },
            "end": { "line": 38, "column": 51 }
          }
        ]
      },
      "10": {
        "type": "branch",
        "line": 38,
        "loc": {
          "start": { "line": 38, "column": 45 },
          "end": { "line": 38, "column": 54 }
        },
        "locations": [
          {
            "start": { "line": 38, "column": 45 },
            "end": { "line": 38, "column": 54 }
          }
        ]
      },
      "11": {
        "type": "branch",
        "line": 43,
        "loc": {
          "start": { "line": 43, "column": 32 },
          "end": { "line": 47, "column": 20 }
        },
        "locations": [
          {
            "start": { "line": 43, "column": 32 },
            "end": { "line": 47, "column": 20 }
          }
        ]
      }
    },
    "b": {
      "0": [38],
      "1": [1],
      "2": [5],
      "3": [37],
      "4": [32],
      "5": [25],
      "6": [37],
      "7": [32],
      "8": [7],
      "9": [2],
      "10": [5],
      "11": [9]
    },
    "fnMap": {
      "0": {
        "name": "render",
        "decl": {
          "start": { "line": 15, "column": 2 },
          "end": { "line": 55, "column": 3 }
        },
        "loc": {
          "start": { "line": 15, "column": 2 },
          "end": { "line": 55, "column": 3 }
        },
        "line": 15
      }
    },
    "f": { "0": 38 }
  },
  "C:\\Users\\user\\pet-projects\\react-2025\\class-components\\class-components\\src\\components\\SearchSection.tsx": {
    "path": "C:\\Users\\user\\pet-projects\\react-2025\\class-components\\class-components\\src\\components\\SearchSection.tsx",
    "all": false,
    "statementMap": {
      "0": {
        "start": { "line": 1, "column": 0 },
        "end": { "line": 1, "column": 41 }
      },
      "12": {
        "start": { "line": 13, "column": 0 },
        "end": { "line": 13, "column": 60 }
      },
      "13": {
        "start": { "line": 14, "column": 0 },
        "end": { "line": 14, "column": 56 }
      },
      "15": {
        "start": { "line": 16, "column": 0 },
        "end": { "line": 16, "column": 29 }
      },
      "16": {
        "start": { "line": 17, "column": 0 },
        "end": { "line": 17, "column": 17 }
      },
      "18": {
        "start": { "line": 19, "column": 0 },
        "end": { "line": 19, "column": 73 }
      },
      "20": {
        "start": { "line": 21, "column": 0 },
        "end": { "line": 21, "column": 18 }
      },
      "21": {
        "start": { "line": 22, "column": 0 },
        "end": { "line": 22, "column": 34 }
      },
      "22": {
        "start": { "line": 23, "column": 0 },
        "end": { "line": 23, "column": 6 }
      },
      "23": {
        "start": { "line": 24, "column": 0 },
        "end": { "line": 24, "column": 3 }
      },
      "25": {
        "start": { "line": 26, "column": 0 },
        "end": { "line": 26, "column": 23 }
      },
      "26": {
        "start": { "line": 27, "column": 0 },
        "end": { "line": 27, "column": 47 }
      },
      "27": {
        "start": { "line": 28, "column": 0 },
        "end": { "line": 28, "column": 3 }
      },
      "29": {
        "start": { "line": 30, "column": 0 },
        "end": { "line": 30, "column": 79 }
      },
      "30": {
        "start": { "line": 31, "column": 0 },
        "end": { "line": 31, "column": 54 }
      },
      "31": {
        "start": { "line": 32, "column": 0 },
        "end": { "line": 32, "column": 4 }
      },
      "33": {
        "start": { "line": 34, "column": 0 },
        "end": { "line": 34, "column": 32 }
      },
      "34": {
        "start": { "line": 35, "column": 0 },
        "end": { "line": 35, "column": 53 }
      },
      "36": {
        "start": { "line": 37, "column": 0 },
        "end": { "line": 37, "column": 56 }
      },
      "38": {
        "start": { "line": 39, "column": 0 },
        "end": { "line": 39, "column": 37 }
      },
      "39": {
        "start": { "line": 40, "column": 0 },
        "end": { "line": 40, "column": 4 }
      },
      "41": {
        "start": { "line": 42, "column": 0 },
        "end": { "line": 42, "column": 78 }
      },
      "42": {
        "start": { "line": 43, "column": 0 },
        "end": { "line": 43, "column": 32 }
      },
      "43": {
        "start": { "line": 44, "column": 0 },
        "end": { "line": 44, "column": 26 }
      },
      "44": {
        "start": { "line": 45, "column": 0 },
        "end": { "line": 45, "column": 5 }
      },
      "45": {
        "start": { "line": 46, "column": 0 },
        "end": { "line": 46, "column": 4 }
      },
      "47": {
        "start": { "line": 48, "column": 0 },
        "end": { "line": 48, "column": 12 }
      },
      "48": {
        "start": { "line": 49, "column": 0 },
        "end": { "line": 49, "column": 37 }
      },
      "49": {
        "start": { "line": 50, "column": 0 },
        "end": { "line": 50, "column": 38 }
      },
      "51": {
        "start": { "line": 52, "column": 0 },
        "end": { "line": 52, "column": 12 }
      },
      "52": {
        "start": { "line": 53, "column": 0 },
        "end": { "line": 53, "column": 71 }
      },
      "53": {
        "start": { "line": 54, "column": 0 },
        "end": { "line": 54, "column": 43 }
      },
      "54": {
        "start": { "line": 55, "column": 0 },
        "end": { "line": 55, "column": 76 }
      },
      "56": {
        "start": { "line": 57, "column": 0 },
        "end": { "line": 57, "column": 15 }
      },
      "58": {
        "start": { "line": 59, "column": 0 },
        "end": { "line": 59, "column": 89 }
      },
      "59": {
        "start": { "line": 60, "column": 0 },
        "end": { "line": 60, "column": 45 }
      },
      "60": {
        "start": { "line": 61, "column": 0 },
        "end": { "line": 61, "column": 109 }
      },
      "61": {
        "start": { "line": 62, "column": 0 },
        "end": { "line": 62, "column": 20 }
      },
      "62": {
        "start": { "line": 63, "column": 0 },
        "end": { "line": 63, "column": 27 }
      },
      "63": {
        "start": { "line": 64, "column": 0 },
        "end": { "line": 64, "column": 34 }
      },
      "64": {
        "start": { "line": 65, "column": 0 },
        "end": { "line": 65, "column": 49 }
      },
      "65": {
        "start": { "line": 66, "column": 0 },
        "end": { "line": 66, "column": 48 }
      },
      "66": {
        "start": { "line": 67, "column": 0 },
        "end": { "line": 67, "column": 64 }
      },
      "67": {
        "start": { "line": 68, "column": 0 },
        "end": { "line": 68, "column": 36 }
      },
      "68": {
        "start": { "line": 69, "column": 0 },
        "end": { "line": 69, "column": 219 }
      },
      "69": {
        "start": { "line": 70, "column": 0 },
        "end": { "line": 70, "column": 16 }
      },
      "70": {
        "start": { "line": 71, "column": 0 },
        "end": { "line": 71, "column": 18 }
      },
      "72": {
        "start": { "line": 73, "column": 0 },
        "end": { "line": 73, "column": 19 }
      },
      "73": {
        "start": { "line": 74, "column": 0 },
        "end": { "line": 74, "column": 41 }
      },
      "74": {
        "start": { "line": 75, "column": 0 },
        "end": { "line": 75, "column": 34 }
      },
      "75": {
        "start": { "line": 76, "column": 0 },
        "end": { "line": 76, "column": 166 }
      },
      "77": {
        "start": { "line": 78, "column": 0 },
        "end": { "line": 78, "column": 53 }
      },
      "78": {
        "start": { "line": 79, "column": 0 },
        "end": { "line": 79, "column": 21 }
      },
      "79": {
        "start": { "line": 80, "column": 0 },
        "end": { "line": 80, "column": 16 }
      },
      "80": {
        "start": { "line": 81, "column": 0 },
        "end": { "line": 81, "column": 14 }
      },
      "81": {
        "start": { "line": 82, "column": 0 },
        "end": { "line": 82, "column": 12 }
      },
      "83": {
        "start": { "line": 84, "column": 0 },
        "end": { "line": 84, "column": 3 }
      },
      "84": {
        "start": { "line": 85, "column": 0 },
        "end": { "line": 85, "column": 1 }
      }
    },
    "s": {
      "0": 1,
      "12": 1,
      "13": 1,
      "15": 1,
      "16": 22,
      "18": 22,
      "20": 22,
      "21": 22,
      "22": 22,
      "23": 22,
      "25": 1,
      "26": 22,
      "27": 22,
      "29": 1,
      "30": 53,
      "31": 53,
      "33": 1,
      "34": 5,
      "36": 5,
      "38": 5,
      "39": 5,
      "41": 1,
      "42": 54,
      "43": 1,
      "44": 1,
      "45": 54,
      "47": 1,
      "48": 94,
      "49": 94,
      "51": 94,
      "52": 94,
      "53": 94,
      "54": 94,
      "56": 94,
      "58": 94,
      "59": 94,
      "60": 94,
      "61": 94,
      "62": 94,
      "63": 94,
      "64": 94,
      "65": 94,
      "66": 94,
      "67": 94,
      "68": 94,
      "69": 94,
      "70": 94,
      "72": 94,
      "73": 94,
      "74": 94,
      "75": 94,
      "77": 94,
      "78": 94,
      "79": 94,
      "80": 94,
      "81": 94,
      "83": 94,
      "84": 1
    },
    "branchMap": {
      "0": {
        "type": "branch",
        "line": 16,
        "loc": {
          "start": { "line": 16, "column": 2 },
          "end": { "line": 24, "column": 3 }
        },
        "locations": [
          {
            "start": { "line": 16, "column": 2 },
            "end": { "line": 24, "column": 3 }
          }
        ]
      },
      "1": {
        "type": "branch",
        "line": 19,
        "loc": {
          "start": { "line": 19, "column": 65 },
          "end": { "line": 19, "column": 73 }
        },
        "locations": [
          {
            "start": { "line": 19, "column": 65 },
            "end": { "line": 19, "column": 73 }
          }
        ]
      },
      "2": {
        "type": "branch",
        "line": 30,
        "loc": {
          "start": { "line": 30, "column": 30 },
          "end": { "line": 32, "column": 4 }
        },
        "locations": [
          {
            "start": { "line": 30, "column": 30 },
            "end": { "line": 32, "column": 4 }
          }
        ]
      },
      "3": {
        "type": "branch",
        "line": 34,
        "loc": {
          "start": { "line": 34, "column": 25 },
          "end": { "line": 40, "column": 4 }
        },
        "locations": [
          {
            "start": { "line": 34, "column": 25 },
            "end": { "line": 40, "column": 4 }
          }
        ]
      },
      "4": {
        "type": "branch",
        "line": 42,
        "loc": {
          "start": { "line": 42, "column": 27 },
          "end": { "line": 46, "column": 4 }
        },
        "locations": [
          {
            "start": { "line": 42, "column": 27 },
            "end": { "line": 46, "column": 4 }
          }
        ]
      },
      "5": {
        "type": "branch",
        "line": 43,
        "loc": {
          "start": { "line": 43, "column": 31 },
          "end": { "line": 45, "column": 5 }
        },
        "locations": [
          {
            "start": { "line": 43, "column": 31 },
            "end": { "line": 45, "column": 5 }
          }
        ]
      },
      "6": {
        "type": "branch",
        "line": 26,
        "loc": {
          "start": { "line": 26, "column": 2 },
          "end": { "line": 28, "column": 3 }
        },
        "locations": [
          {
            "start": { "line": 26, "column": 2 },
            "end": { "line": 28, "column": 3 }
          }
        ]
      },
      "7": {
        "type": "branch",
        "line": 48,
        "loc": {
          "start": { "line": 48, "column": 2 },
          "end": { "line": 84, "column": 3 }
        },
        "locations": [
          {
            "start": { "line": 48, "column": 2 },
            "end": { "line": 84, "column": 3 }
          }
        ]
      },
      "8": {
        "type": "branch",
        "line": 78,
        "loc": {
          "start": { "line": 78, "column": 15 },
          "end": { "line": 78, "column": 44 }
        },
        "locations": [
          {
            "start": { "line": 78, "column": 15 },
            "end": { "line": 78, "column": 44 }
          }
        ]
      },
      "9": {
        "type": "branch",
        "line": 78,
        "loc": {
          "start": { "line": 78, "column": 27 },
          "end": { "line": 78, "column": 53 }
        },
        "locations": [
          {
            "start": { "line": 78, "column": 27 },
            "end": { "line": 78, "column": 53 }
          }
        ]
      }
    },
    "b": {
      "0": [22],
      "1": [19],
      "2": [53],
      "3": [5],
      "4": [54],
      "5": [1],
      "6": [22],
      "7": [94],
      "8": [1],
      "9": [93]
    },
    "fnMap": {
      "0": {
        "name": "SearchSection",
        "decl": {
          "start": { "line": 16, "column": 2 },
          "end": { "line": 24, "column": 3 }
        },
        "loc": {
          "start": { "line": 16, "column": 2 },
          "end": { "line": 24, "column": 3 }
        },
        "line": 16
      },
      "1": {
        "name": "SearchSection.handleInputChange",
        "decl": {
          "start": { "line": 30, "column": 30 },
          "end": { "line": 32, "column": 4 }
        },
        "loc": {
          "start": { "line": 30, "column": 30 },
          "end": { "line": 32, "column": 4 }
        },
        "line": 30
      },
      "2": {
        "name": "SearchSection.handleSearch",
        "decl": {
          "start": { "line": 34, "column": 25 },
          "end": { "line": 40, "column": 4 }
        },
        "loc": {
          "start": { "line": 34, "column": 25 },
          "end": { "line": 40, "column": 4 }
        },
        "line": 34
      },
      "3": {
        "name": "SearchSection.handleKeyPress",
        "decl": {
          "start": { "line": 42, "column": 27 },
          "end": { "line": 46, "column": 4 }
        },
        "loc": {
          "start": { "line": 42, "column": 27 },
          "end": { "line": 46, "column": 4 }
        },
        "line": 42
      },
      "4": {
        "name": "componentDidMount",
        "decl": {
          "start": { "line": 26, "column": 2 },
          "end": { "line": 28, "column": 3 }
        },
        "loc": {
          "start": { "line": 26, "column": 2 },
          "end": { "line": 28, "column": 3 }
        },
        "line": 26
      },
      "5": {
        "name": "render",
        "decl": {
          "start": { "line": 48, "column": 2 },
          "end": { "line": 84, "column": 3 }
        },
        "loc": {
          "start": { "line": 48, "column": 2 },
          "end": { "line": 84, "column": 3 }
        },
        "line": 48
      }
    },
    "f": { "0": 22, "1": 53, "2": 5, "3": 54, "4": 22, "5": 94 }
  },
  "C:\\Users\\user\\pet-projects\\react-2025\\class-components\\class-components\\src\\services\\api.ts": {
    "path": "C:\\Users\\user\\pet-projects\\react-2025\\class-components\\class-components\\src\\services\\api.ts",
    "all": false,
    "statementMap": {
      "2": {
        "start": { "line": 3, "column": 0 },
        "end": { "line": 3, "column": 25 }
      },
      "3": {
        "start": { "line": 4, "column": 0 },
        "end": { "line": 4, "column": 3 }
      },
      "4": {
        "start": { "line": 5, "column": 0 },
        "end": { "line": 5, "column": 27 }
      },
      "5": {
        "start": { "line": 6, "column": 0 },
        "end": { "line": 6, "column": 18 }
      },
      "6": {
        "start": { "line": 7, "column": 0 },
        "end": { "line": 7, "column": 15 }
      },
      "7": {
        "start": { "line": 8, "column": 0 },
        "end": { "line": 8, "column": 24 }
      },
      "8": {
        "start": { "line": 9, "column": 0 },
        "end": { "line": 9, "column": 23 }
      },
      "9": {
        "start": { "line": 10, "column": 0 },
        "end": { "line": 10, "column": 22 }
      },
      "10": {
        "start": { "line": 11, "column": 0 },
        "end": { "line": 11, "column": 24 }
      },
      "11": {
        "start": { "line": 12, "column": 0 },
        "end": { "line": 12, "column": 19 }
      },
      "12": {
        "start": { "line": 13, "column": 0 },
        "end": { "line": 13, "column": 50 }
      },
      "13": {
        "start": { "line": 14, "column": 0 },
        "end": { "line": 14, "column": 46 }
      },
      "14": {
        "start": { "line": 15, "column": 0 },
        "end": { "line": 15, "column": 16 }
      },
      "15": {
        "start": { "line": 16, "column": 0 },
        "end": { "line": 16, "column": 53 }
      },
      "16": {
        "start": { "line": 17, "column": 0 },
        "end": { "line": 17, "column": 55 }
      },
      "17": {
        "start": { "line": 18, "column": 0 },
        "end": { "line": 18, "column": 43 }
      },
      "18": {
        "start": { "line": 19, "column": 0 },
        "end": { "line": 19, "column": 42 }
      },
      "19": {
        "start": { "line": 20, "column": 0 },
        "end": { "line": 20, "column": 43 }
      },
      "20": {
        "start": { "line": 21, "column": 0 },
        "end": { "line": 21, "column": 4 }
      },
      "21": {
        "start": { "line": 22, "column": 0 },
        "end": { "line": 22, "column": 3 }
      },
      "22": {
        "start": { "line": 23, "column": 0 },
        "end": { "line": 23, "column": 24 }
      },
      "23": {
        "start": { "line": 24, "column": 0 },
        "end": { "line": 24, "column": 18 }
      },
      "24": {
        "start": { "line": 25, "column": 0 },
        "end": { "line": 25, "column": 16 }
      },
      "25": {
        "start": { "line": 26, "column": 0 },
        "end": { "line": 26, "column": 23 }
      },
      "26": {
        "start": { "line": 27, "column": 0 },
        "end": { "line": 27, "column": 24 }
      },
      "27": {
        "start": { "line": 28, "column": 0 },
        "end": { "line": 28, "column": 24 }
      },
      "28": {
        "start": { "line": 29, "column": 0 },
        "end": { "line": 29, "column": 26 }
      },
      "29": {
        "start": { "line": 30, "column": 0 },
        "end": { "line": 30, "column": 19 }
      },
      "30": {
        "start": { "line": 31, "column": 0 },
        "end": { "line": 31, "column": 50 }
      },
      "31": {
        "start": { "line": 32, "column": 0 },
        "end": { "line": 32, "column": 46 }
      },
      "32": {
        "start": { "line": 33, "column": 0 },
        "end": { "line": 33, "column": 16 }
      },
      "33": {
        "start": { "line": 34, "column": 0 },
        "end": { "line": 34, "column": 17 }
      },
      "34": {
        "start": { "line": 35, "column": 0 },
        "end": { "line": 35, "column": 55 }
      },
      "35": {
        "start": { "line": 36, "column": 0 },
        "end": { "line": 36, "column": 43 }
      },
      "36": {
        "start": { "line": 37, "column": 0 },
        "end": { "line": 37, "column": 42 }
      },
      "37": {
        "start": { "line": 38, "column": 0 },
        "end": { "line": 38, "column": 43 }
      },
      "38": {
        "start": { "line": 39, "column": 0 },
        "end": { "line": 39, "column": 4 }
      },
      "39": {
        "start": { "line": 40, "column": 0 },
        "end": { "line": 40, "column": 3 }
      },
      "40": {
        "start": { "line": 41, "column": 0 },
        "end": { "line": 41, "column": 24 }
      },
      "41": {
        "start": { "line": 42, "column": 0 },
        "end": { "line": 42, "column": 18 }
      },
      "42": {
        "start": { "line": 43, "column": 0 },
        "end": { "line": 43, "column": 15 }
      },
      "43": {
        "start": { "line": 44, "column": 0 },
        "end": { "line": 44, "column": 24 }
      },
      "44": {
        "start": { "line": 45, "column": 0 },
        "end": { "line": 45, "column": 24 }
      },
      "45": {
        "start": { "line": 46, "column": 0 },
        "end": { "line": 46, "column": 23 }
      },
      "46": {
        "start": { "line": 47, "column": 0 },
        "end": { "line": 47, "column": 24 }
      },
      "47": {
        "start": { "line": 48, "column": 0 },
        "end": { "line": 48, "column": 21 }
      },
      "48": {
        "start": { "line": 49, "column": 0 },
        "end": { "line": 49, "column": 50 }
      },
      "49": {
        "start": { "line": 50, "column": 0 },
        "end": { "line": 50, "column": 46 }
      },
      "50": {
        "start": { "line": 51, "column": 0 },
        "end": { "line": 51, "column": 16 }
      },
      "51": {
        "start": { "line": 52, "column": 0 },
        "end": { "line": 52, "column": 53 }
      },
      "52": {
        "start": { "line": 53, "column": 0 },
        "end": { "line": 53, "column": 18 }
      },
      "53": {
        "start": { "line": 54, "column": 0 },
        "end": { "line": 54, "column": 43 }
      },
      "54": {
        "start": { "line": 55, "column": 0 },
        "end": { "line": 55, "column": 42 }
      },
      "55": {
        "start": { "line": 56, "column": 0 },
        "end": { "line": 56, "column": 43 }
      },
      "56": {
        "start": { "line": 57, "column": 0 },
        "end": { "line": 57, "column": 4 }
      },
      "57": {
        "start": { "line": 58, "column": 0 },
        "end": { "line": 58, "column": 2 }
      },
      "58": {
        "start": { "line": 59, "column": 0 },
        "end": { "line": 59, "column": 41 }
      },
      "59": {
        "start": { "line": 60, "column": 0 },
        "end": { "line": 60, "column": 22 }
      },
      "60": {
        "start": { "line": 61, "column": 0 },
        "end": { "line": 61, "column": 25 }
      },
      "62": {
        "start": { "line": 63, "column": 0 },
        "end": { "line": 63, "column": 70 }
      },
      "63": {
        "start": { "line": 64, "column": 0 },
        "end": { "line": 64, "column": 39 }
      },
      "64": {
        "start": { "line": 65, "column": 0 },
        "end": { "line": 65, "column": 38 }
      },
      "65": {
        "start": { "line": 66, "column": 0 },
        "end": { "line": 66, "column": 66 }
      },
      "66": {
        "start": { "line": 67, "column": 0 },
        "end": { "line": 67, "column": 7 }
      },
      "67": {
        "start": { "line": 68, "column": 0 },
        "end": { "line": 68, "column": 22 }
      },
      "69": {
        "start": { "line": 70, "column": 0 },
        "end": { "line": 70, "column": 10 }
      },
      "70": {
        "start": { "line": 71, "column": 0 },
        "end": { "line": 71, "column": 37 }
      },
      "71": {
        "start": { "line": 72, "column": 0 },
        "end": { "line": 72, "column": 15 }
      },
      "72": {
        "start": { "line": 73, "column": 0 },
        "end": { "line": 73, "column": 19 }
      },
      "73": {
        "start": { "line": 74, "column": 0 },
        "end": { "line": 74, "column": 32 }
      },
      "74": {
        "start": { "line": 75, "column": 0 },
        "end": { "line": 75, "column": 4 }
      },
      "75": {
        "start": { "line": 76, "column": 0 },
        "end": { "line": 76, "column": 2 }
      },
      "77": {
        "start": { "line": 78, "column": 0 },
        "end": { "line": 78, "column": 80 }
      },
      "78": {
        "start": { "line": 79, "column": 0 },
        "end": { "line": 79, "column": 25 }
      },
      "79": {
        "start": { "line": 80, "column": 0 },
        "end": { "line": 80, "column": 32 }
      },
      "80": {
        "start": { "line": 81, "column": 0 },
        "end": { "line": 81, "column": 28 }
      },
      "81": {
        "start": { "line": 82, "column": 0 },
        "end": { "line": 82, "column": 18 }
      },
      "82": {
        "start": { "line": 83, "column": 0 },
        "end": { "line": 83, "column": 27 }
      },
      "83": {
        "start": { "line": 84, "column": 0 },
        "end": { "line": 84, "column": 9 }
      },
      "84": {
        "start": { "line": 85, "column": 0 },
        "end": { "line": 85, "column": 28 }
      },
      "85": {
        "start": { "line": 86, "column": 0 },
        "end": { "line": 86, "column": 72 }
      },
      "86": {
        "start": { "line": 87, "column": 0 },
        "end": { "line": 87, "column": 32 }
      },
      "88": {
        "start": { "line": 89, "column": 0 },
        "end": { "line": 89, "column": 47 }
      },
      "89": {
        "start": { "line": 90, "column": 0 },
        "end": { "line": 90, "column": 89 }
      },
      "91": {
        "start": { "line": 92, "column": 0 },
        "end": { "line": 92, "column": 41 }
      },
      "92": {
        "start": { "line": 93, "column": 0 },
        "end": { "line": 93, "column": 22 }
      },
      "93": {
        "start": { "line": 94, "column": 0 },
        "end": { "line": 94, "column": 18 }
      },
      "94": {
        "start": { "line": 95, "column": 0 },
        "end": { "line": 95, "column": 37 }
      },
      "95": {
        "start": { "line": 96, "column": 0 },
        "end": { "line": 96, "column": 45 }
      },
      "96": {
        "start": { "line": 97, "column": 0 },
        "end": { "line": 97, "column": 10 }
      },
      "97": {
        "start": { "line": 98, "column": 0 },
        "end": { "line": 98, "column": 34 }
      },
      "98": {
        "start": { "line": 99, "column": 0 },
        "end": { "line": 99, "column": 9 }
      },
      "100": {
        "start": { "line": 101, "column": 0 },
        "end": { "line": 101, "column": 30 }
      },
      "102": {
        "start": { "line": 103, "column": 0 },
        "end": { "line": 103, "column": 25 }
      },
      "103": {
        "start": { "line": 104, "column": 0 },
        "end": { "line": 104, "column": 62 }
      },
      "104": {
        "start": { "line": 105, "column": 0 },
        "end": { "line": 105, "column": 26 }
      },
      "105": {
        "start": { "line": 106, "column": 0 },
        "end": { "line": 106, "column": 113 }
      },
      "106": {
        "start": { "line": 107, "column": 0 },
        "end": { "line": 107, "column": 12 }
      },
      "107": {
        "start": { "line": 108, "column": 0 },
        "end": { "line": 108, "column": 9 }
      },
      "109": {
        "start": { "line": 110, "column": 0 },
        "end": { "line": 110, "column": 37 }
      },
      "110": {
        "start": { "line": 111, "column": 0 },
        "end": { "line": 111, "column": 26 }
      },
      "111": {
        "start": { "line": 112, "column": 0 },
        "end": { "line": 112, "column": 112 }
      },
      "112": {
        "start": { "line": 113, "column": 0 },
        "end": { "line": 113, "column": 12 }
      },
      "113": {
        "start": { "line": 114, "column": 0 },
        "end": { "line": 114, "column": 9 }
      },
      "115": {
        "start": { "line": 116, "column": 0 },
        "end": { "line": 116, "column": 24 }
      },
      "116": {
        "start": { "line": 117, "column": 0 },
        "end": { "line": 117, "column": 81 }
      },
      "117": {
        "start": { "line": 118, "column": 0 },
        "end": { "line": 118, "column": 10 }
      },
      "118": {
        "start": { "line": 119, "column": 0 },
        "end": { "line": 119, "column": 7 }
      },
      "120": {
        "start": { "line": 121, "column": 0 },
        "end": { "line": 121, "column": 41 }
      },
      "121": {
        "start": { "line": 122, "column": 0 },
        "end": { "line": 122, "column": 18 }
      },
      "122": {
        "start": { "line": 123, "column": 0 },
        "end": { "line": 123, "column": 21 }
      },
      "123": {
        "start": { "line": 124, "column": 0 },
        "end": { "line": 124, "column": 35 }
      },
      "124": {
        "start": { "line": 125, "column": 0 },
        "end": { "line": 125, "column": 42 }
      },
      "125": {
        "start": { "line": 126, "column": 0 },
        "end": { "line": 126, "column": 41 }
      },
      "126": {
        "start": { "line": 127, "column": 0 },
        "end": { "line": 127, "column": 24 }
      },
      "127": {
        "start": { "line": 128, "column": 0 },
        "end": { "line": 128, "column": 81 }
      },
      "128": {
        "start": { "line": 129, "column": 0 },
        "end": { "line": 129, "column": 14 }
      },
      "129": {
        "start": { "line": 130, "column": 0 },
        "end": { "line": 130, "column": 56 }
      },
      "130": {
        "start": { "line": 131, "column": 0 },
        "end": { "line": 131, "column": 69 }
      },
      "131": {
        "start": { "line": 132, "column": 0 },
        "end": { "line": 132, "column": 11 }
      },
      "132": {
        "start": { "line": 133, "column": 0 },
        "end": { "line": 133, "column": 26 }
      },
      "133": {
        "start": { "line": 134, "column": 0 },
        "end": { "line": 134, "column": 109 }
      },
      "134": {
        "start": { "line": 135, "column": 0 },
        "end": { "line": 135, "column": 12 }
      },
      "135": {
        "start": { "line": 136, "column": 0 },
        "end": { "line": 136, "column": 9 }
      },
      "137": {
        "start": { "line": 138, "column": 0 },
        "end": { "line": 138, "column": 12 }
      },
      "138": {
        "start": { "line": 139, "column": 0 },
        "end": { "line": 139, "column": 54 }
      },
      "139": {
        "start": { "line": 140, "column": 0 },
        "end": { "line": 140, "column": 48 }
      },
      "140": {
        "start": { "line": 141, "column": 0 },
        "end": { "line": 141, "column": 11 }
      },
      "141": {
        "start": { "line": 142, "column": 0 },
        "end": { "line": 142, "column": 41 }
      },
      "142": {
        "start": { "line": 143, "column": 0 },
        "end": { "line": 143, "column": 24 }
      },
      "143": {
        "start": { "line": 144, "column": 0 },
        "end": { "line": 144, "column": 77 }
      },
      "144": {
        "start": { "line": 145, "column": 0 },
        "end": { "line": 145, "column": 14 }
      },
      "145": {
        "start": { "line": 146, "column": 0 },
        "end": { "line": 146, "column": 56 }
      },
      "146": {
        "start": { "line": 147, "column": 0 },
        "end": { "line": 147, "column": 69 }
      },
      "147": {
        "start": { "line": 148, "column": 0 },
        "end": { "line": 148, "column": 11 }
      },
      "148": {
        "start": { "line": 149, "column": 0 },
        "end": { "line": 149, "column": 23 }
      },
      "149": {
        "start": { "line": 150, "column": 0 },
        "end": { "line": 150, "column": 97 }
      },
      "150": {
        "start": { "line": 151, "column": 0 },
        "end": { "line": 151, "column": 12 }
      },
      "151": {
        "start": { "line": 152, "column": 0 },
        "end": { "line": 152, "column": 48 }
      },
      "152": {
        "start": { "line": 153, "column": 0 },
        "end": { "line": 153, "column": 9 }
      },
      "154": {
        "start": { "line": 155, "column": 0 },
        "end": { "line": 155, "column": 45 }
      },
      "155": {
        "start": { "line": 156, "column": 0 },
        "end": { "line": 156, "column": 23 }
      },
      "156": {
        "start": { "line": 157, "column": 0 },
        "end": { "line": 157, "column": 90 }
      },
      "157": {
        "start": { "line": 158, "column": 0 },
        "end": { "line": 158, "column": 12 }
      },
      "158": {
        "start": { "line": 159, "column": 0 },
        "end": { "line": 159, "column": 48 }
      },
      "159": {
        "start": { "line": 160, "column": 0 },
        "end": { "line": 160, "column": 9 }
      },
      "161": {
        "start": { "line": 162, "column": 0 },
        "end": { "line": 162, "column": 20 }
      },
      "162": {
        "start": { "line": 163, "column": 0 },
        "end": { "line": 163, "column": 7 }
      },
      "164": {
        "start": { "line": 165, "column": 0 },
        "end": { "line": 165, "column": 75 }
      },
      "165": {
        "start": { "line": 166, "column": 0 },
        "end": { "line": 166, "column": 5 }
      },
      "166": {
        "start": { "line": 167, "column": 0 },
        "end": { "line": 167, "column": 3 }
      },
      "167": {
        "start": { "line": 168, "column": 0 },
        "end": { "line": 168, "column": 1 }
      }
    },
    "s": {
      "2": 1,
      "3": 1,
      "4": 1,
      "5": 1,
      "6": 1,
      "7": 1,
      "8": 1,
      "9": 1,
      "10": 1,
      "11": 1,
      "12": 1,
      "13": 1,
      "14": 1,
      "15": 1,
      "16": 1,
      "17": 1,
      "18": 1,
      "19": 1,
      "20": 1,
      "21": 1,
      "22": 1,
      "23": 1,
      "24": 1,
      "25": 1,
      "26": 1,
      "27": 1,
      "28": 1,
      "29": 1,
      "30": 1,
      "31": 1,
      "32": 1,
      "33": 1,
      "34": 1,
      "35": 1,
      "36": 1,
      "37": 1,
      "38": 1,
      "39": 1,
      "40": 1,
      "41": 1,
      "42": 1,
      "43": 1,
      "44": 1,
      "45": 1,
      "46": 1,
      "47": 1,
      "48": 1,
      "49": 1,
      "50": 1,
      "51": 1,
      "52": 1,
      "53": 1,
      "54": 1,
      "55": 1,
      "56": 1,
      "57": 1,
      "58": 1,
      "59": 1,
      "60": 1,
      "62": 1,
      "63": 1,
      "64": 1,
      "65": 3,
      "66": 1,
      "67": 0,
      "69": 1,
      "70": 1,
      "71": 1,
      "72": 1,
      "73": 1,
      "74": 1,
      "75": 1,
      "77": 1,
      "78": 1,
      "79": 1,
      "80": 8,
      "81": 8,
      "82": 8,
      "83": 8,
      "84": 8,
      "85": 7,
      "86": 1,
      "88": 8,
      "89": 8,
      "91": 8,
      "92": 8,
      "93": 8,
      "94": 8,
      "95": 8,
      "96": 8,
      "97": 8,
      "98": 8,
      "100": 7,
      "102": 8,
      "103": 2,
      "104": 1,
      "105": 1,
      "106": 1,
      "107": 1,
      "109": 1,
      "110": 1,
      "111": 1,
      "112": 1,
      "113": 1,
      "115": 0,
      "116": 0,
      "117": 0,
      "118": 0,
      "120": 5,
      "121": 5,
      "122": 8,
      "123": 3,
      "124": 3,
      "125": 0,
      "126": 0,
      "127": 0,
      "128": 0,
      "129": 0,
      "130": 0,
      "131": 0,
      "132": 0,
      "133": 0,
      "134": 0,
      "135": 0,
      "137": 3,
      "138": 3,
      "139": 3,
      "140": 3,
      "141": 0,
      "142": 0,
      "143": 0,
      "144": 0,
      "145": 0,
      "146": 0,
      "147": 0,
      "148": 0,
      "149": 0,
      "150": 0,
      "151": 0,
      "152": 0,
      "154": 3,
      "155": 1,
      "156": 1,
      "157": 1,
      "158": 1,
      "159": 1,
      "161": 2,
      "162": 2,
      "164": 0,
      "165": 0,
      "166": 8,
      "167": 1
    },
    "branchMap": {
      "0": {
        "type": "branch",
        "line": 63,
        "loc": {
          "start": { "line": 63, "column": 27 },
          "end": { "line": 76, "column": 2 }
        },
        "locations": [
          {
            "start": { "line": 63, "column": 27 },
            "end": { "line": 76, "column": 2 }
          }
        ]
      },
      "1": {
        "type": "branch",
        "line": 67,
        "loc": {
          "start": { "line": 67, "column": 6 },
          "end": { "line": 68, "column": 22 }
        },
        "locations": [
          {
            "start": { "line": 67, "column": 6 },
            "end": { "line": 68, "column": 22 }
          }
        ]
      },
      "2": {
        "type": "branch",
        "line": 65,
        "loc": {
          "start": { "line": 65, "column": 29 },
          "end": { "line": 66, "column": 66 }
        },
        "locations": [
          {
            "start": { "line": 65, "column": 29 },
            "end": { "line": 66, "column": 66 }
          }
        ]
      },
      "3": {
        "type": "branch",
        "line": 80,
        "loc": {
          "start": { "line": 80, "column": 2 },
          "end": { "line": 167, "column": 3 }
        },
        "locations": [
          {
            "start": { "line": 80, "column": 2 },
            "end": { "line": 167, "column": 3 }
          }
        ]
      },
      "4": {
        "type": "branch",
        "line": 85,
        "loc": {
          "start": { "line": 85, "column": 18 },
          "end": { "line": 86, "column": 72 }
        },
        "locations": [
          {
            "start": { "line": 85, "column": 18 },
            "end": { "line": 86, "column": 72 }
          }
        ]
      },
      "5": {
        "type": "branch",
        "line": 86,
        "loc": {
          "start": { "line": 86, "column": 70 },
          "end": { "line": 87, "column": 32 }
        },
        "locations": [
          {
            "start": { "line": 86, "column": 70 },
            "end": { "line": 87, "column": 32 }
          }
        ]
      },
      "6": {
        "type": "branch",
        "line": 99,
        "loc": {
          "start": { "line": 99, "column": 7 },
          "end": { "line": 103, "column": 24 }
        },
        "locations": [
          {
            "start": { "line": 99, "column": 7 },
            "end": { "line": 103, "column": 24 }
          }
        ]
      },
      "7": {
        "type": "branch",
        "line": 103,
        "loc": {
          "start": { "line": 103, "column": 24 },
          "end": { "line": 119, "column": 7 }
        },
        "locations": [
          {
            "start": { "line": 103, "column": 24 },
            "end": { "line": 119, "column": 7 }
          }
        ]
      },
      "8": {
        "type": "branch",
        "line": 104,
        "loc": {
          "start": { "line": 104, "column": 61 },
          "end": { "line": 114, "column": 9 }
        },
        "locations": [
          {
            "start": { "line": 104, "column": 61 },
            "end": { "line": 114, "column": 9 }
          }
        ]
      },
      "9": {
        "type": "branch",
        "line": 114,
        "loc": {
          "start": { "line": 114, "column": 8 },
          "end": { "line": 119, "column": 7 }
        },
        "locations": [
          {
            "start": { "line": 114, "column": 8 },
            "end": { "line": 119, "column": 7 }
          }
        ]
      },
      "10": {
        "type": "branch",
        "line": 119,
        "loc": {
          "start": { "line": 119, "column": 6 },
          "end": { "line": 123, "column": 13 }
        },
        "locations": [
          {
            "start": { "line": 119, "column": 6 },
            "end": { "line": 123, "column": 13 }
          }
        ]
      },
      "11": {
        "type": "branch",
        "line": 123,
        "loc": {
          "start": { "line": 123, "column": 4 },
          "end": { "line": 166, "column": 5 }
        },
        "locations": [
          {
            "start": { "line": 123, "column": 4 },
            "end": { "line": 166, "column": 5 }
          }
        ]
      },
      "12": {
        "type": "branch",
        "line": 125,
        "loc": {
          "start": { "line": 125, "column": 41 },
          "end": { "line": 136, "column": 9 }
        },
        "locations": [
          {
            "start": { "line": 125, "column": 41 },
            "end": { "line": 136, "column": 9 }
          }
        ]
      },
      "13": {
        "type": "branch",
        "line": 141,
        "loc": {
          "start": { "line": 141, "column": 10 },
          "end": { "line": 153, "column": 9 }
        },
        "locations": [
          {
            "start": { "line": 141, "column": 10 },
            "end": { "line": 153, "column": 9 }
          }
        ]
      },
      "14": {
        "type": "branch",
        "line": 155,
        "loc": {
          "start": { "line": 155, "column": 44 },
          "end": { "line": 160, "column": 9 }
        },
        "locations": [
          {
            "start": { "line": 155, "column": 44 },
            "end": { "line": 160, "column": 9 }
          }
        ]
      },
      "15": {
        "type": "branch",
        "line": 160,
        "loc": {
          "start": { "line": 160, "column": 8 },
          "end": { "line": 163, "column": 7 }
        },
        "locations": [
          {
            "start": { "line": 160, "column": 8 },
            "end": { "line": 163, "column": 7 }
          }
        ]
      },
      "16": {
        "type": "branch",
        "line": 163,
        "loc": {
          "start": { "line": 163, "column": 6 },
          "end": { "line": 166, "column": 5 }
        },
        "locations": [
          {
            "start": { "line": 163, "column": 6 },
            "end": { "line": 166, "column": 5 }
          }
        ]
      }
    },
    "b": {
      "0": [1],
      "1": [0],
      "2": [3],
      "3": [8],
      "4": [7],
      "5": [1],
      "6": [7],
      "7": [2],
      "8": [1],
      "9": [0],
      "10": [5],
      "11": [3],
      "12": [0],
      "13": [0],
      "14": [1],
      "15": [2],
      "16": [0]
    },
    "fnMap": {
      "0": {
        "name": "createMockResponse",
        "decl": {
          "start": { "line": 63, "column": 27 },
          "end": { "line": 76, "column": 2 }
        },
        "loc": {
          "start": { "line": 63, "column": 27 },
          "end": { "line": 76, "column": 2 }
        },
        "line": 63
      },
      "1": {
        "name": "delay",
        "decl": {
          "start": { "line": 78, "column": 14 },
          "end": { "line": 78, "column": 80 }
        },
        "loc": {
          "start": { "line": 78, "column": 14 },
          "end": { "line": 78, "column": 80 }
        },
        "line": 78
      },
      "2": {
        "name": "searchCharacters",
        "decl": {
          "start": { "line": 80, "column": 2 },
          "end": { "line": 167, "column": 3 }
        },
        "loc": {
          "start": { "line": 80, "column": 2 },
          "end": { "line": 167, "column": 3 }
        },
        "line": 80
      }
    },
    "f": { "0": 1, "1": 0, "2": 8 }
  },
  "C:\\Users\\user\\pet-projects\\react-2025\\class-components\\class-components\\src\\types\\Character.ts": {
    "path": "C:\\Users\\user\\pet-projects\\react-2025\\class-components\\class-components\\src\\types\\Character.ts",
    "all": true,
    "statementMap": {},
    "s": {},
    "branchMap": {
      "0": {
        "type": "branch",
        "line": 1,
        "loc": {
          "start": { "line": 1, "column": 468 },
          "end": { "line": 25, "column": 1 }
        },
        "locations": [
          {
            "start": { "line": 1, "column": 468 },
            "end": { "line": 25, "column": 1 }
          }
        ]
      }
    },
    "b": { "0": [1] },
    "fnMap": {
      "0": {
        "name": "(empty-report)",
        "decl": {
          "start": { "line": 1, "column": 468 },
          "end": { "line": 25, "column": 1 }
        },
        "loc": {
          "start": { "line": 1, "column": 468 },
          "end": { "line": 25, "column": 1 }
        },
        "line": 1
      }
    },
    "f": { "0": 1 }
  }
}
