{"C:\\Users\\user\\Documents\\pet-projects\\react\\src\\App.tsx": {"path":"C:\\Users\\user\\Documents\\pet-projects\\react\\src\\App.tsx","all":false,"statementMap":{"0":{"start":{"line":1,"column":0},"end":{"line":1,"column":46}},"1":{"start":{"line":2,"column":0},"end":{"line":2,"column":74}},"2":{"start":{"line":3,"column":0},"end":{"line":3,"column":59}},"3":{"start":{"line":4,"column":0},"end":{"line":4,"column":59}},"4":{"start":{"line":5,"column":0},"end":{"line":5,"column":61}},"5":{"start":{"line":6,"column":0},"end":{"line":6,"column":59}},"7":{"start":{"line":8,"column":0},"end":{"line":8,"column":35}},"9":{"start":{"line":10,"column":0},"end":{"line":10,"column":19}},"10":{"start":{"line":11,"column":0},"end":{"line":11,"column":64}},"11":{"start":{"line":12,"column":0},"end":{"line":12,"column":52}},"12":{"start":{"line":13,"column":0},"end":{"line":13,"column":58}},"13":{"start":{"line":14,"column":0},"end":{"line":14,"column":65}},"15":{"start":{"line":16,"column":0},"end":{"line":16,"column":66}},"16":{"start":{"line":17,"column":0},"end":{"line":17,"column":23}},"17":{"start":{"line":18,"column":0},"end":{"line":18,"column":19}},"18":{"start":{"line":19,"column":0},"end":{"line":19,"column":37}},"20":{"start":{"line":21,"column":0},"end":{"line":21,"column":9}},"21":{"start":{"line":22,"column":0},"end":{"line":22,"column":35}},"22":{"start":{"line":23,"column":0},"end":{"line":23,"column":79}},"23":{"start":{"line":24,"column":0},"end":{"line":24,"column":8}},"24":{"start":{"line":25,"column":0},"end":{"line":25,"column":41}},"26":{"start":{"line":27,"column":0},"end":{"line":27,"column":50}},"27":{"start":{"line":28,"column":0},"end":{"line":28,"column":22}},"28":{"start":{"line":29,"column":0},"end":{"line":29,"column":79}},"29":{"start":{"line":30,"column":0},"end":{"line":30,"column":10}},"30":{"start":{"line":31,"column":0},"end":{"line":31,"column":14}},"31":{"start":{"line":32,"column":0},"end":{"line":32,"column":26}},"32":{"start":{"line":33,"column":0},"end":{"line":33,"column":7}},"33":{"start":{"line":34,"column":0},"end":{"line":34,"column":21}},"34":{"start":{"line":35,"column":0},"end":{"line":35,"column":44}},"35":{"start":{"line":36,"column":0},"end":{"line":36,"column":15}},"36":{"start":{"line":37,"column":0},"end":{"line":37,"column":79}},"37":{"start":{"line":38,"column":0},"end":{"line":38,"column":8}},"38":{"start":{"line":39,"column":0},"end":{"line":39,"column":24}},"39":{"start":{"line":40,"column":0},"end":{"line":40,"column":15}},"40":{"start":{"line":41,"column":0},"end":{"line":41,"column":26}},"41":{"start":{"line":42,"column":0},"end":{"line":42,"column":5}},"42":{"start":{"line":43,"column":0},"end":{"line":43,"column":9}},"43":{"start":{"line":44,"column":0},"end":{"line":44,"column":29}},"44":{"start":{"line":45,"column":0},"end":{"line":45,"column":36}},"45":{"start":{"line":46,"column":0},"end":{"line":46,"column":4}},"47":{"start":{"line":48,"column":0},"end":{"line":48,"column":32}},"48":{"start":{"line":49,"column":0},"end":{"line":49,"column":20}},"49":{"start":{"line":50,"column":0},"end":{"line":50,"column":76}},"50":{"start":{"line":51,"column":0},"end":{"line":51,"column":6}},"51":{"start":{"line":52,"column":0},"end":{"line":52,"column":4}},"53":{"start":{"line":54,"column":0},"end":{"line":54,"column":10}},"54":{"start":{"line":55,"column":0},"end":{"line":55,"column":12}},"55":{"start":{"line":56,"column":0},"end":{"line":56,"column":21}},"56":{"start":{"line":57,"column":0},"end":{"line":57,"column":63}},"57":{"start":{"line":58,"column":0},"end":{"line":58,"column":73}},"59":{"start":{"line":60,"column":0},"end":{"line":60,"column":18}},"60":{"start":{"line":61,"column":0},"end":{"line":61,"column":18}},"61":{"start":{"line":62,"column":0},"end":{"line":62,"column":22}},"62":{"start":{"line":63,"column":0},"end":{"line":63,"column":23}},"63":{"start":{"line":64,"column":0},"end":{"line":64,"column":31}},"64":{"start":{"line":65,"column":0},"end":{"line":65,"column":41}},"65":{"start":{"line":66,"column":0},"end":{"line":66,"column":39}},"66":{"start":{"line":67,"column":0},"end":{"line":67,"column":31}},"67":{"start":{"line":68,"column":0},"end":{"line":68,"column":39}},"68":{"start":{"line":69,"column":0},"end":{"line":69,"column":18}},"70":{"start":{"line":71,"column":0},"end":{"line":71,"column":14}},"71":{"start":{"line":72,"column":0},"end":{"line":72,"column":18}},"72":{"start":{"line":73,"column":0},"end":{"line":73,"column":35}},"73":{"start":{"line":74,"column":0},"end":{"line":74,"column":67}},"74":{"start":{"line":75,"column":0},"end":{"line":75,"column":14}},"75":{"start":{"line":76,"column":0},"end":{"line":76,"column":19}},"78":{"start":{"line":79,"column":0},"end":{"line":79,"column":50}},"79":{"start":{"line":80,"column":0},"end":{"line":80,"column":19}},"80":{"start":{"line":81,"column":0},"end":{"line":81,"column":38}},"81":{"start":{"line":82,"column":0},"end":{"line":82,"column":109}},"82":{"start":{"line":83,"column":0},"end":{"line":83,"column":41}},"84":{"start":{"line":85,"column":0},"end":{"line":85,"column":41}},"85":{"start":{"line":86,"column":0},"end":{"line":86,"column":21}},"86":{"start":{"line":87,"column":0},"end":{"line":87,"column":16}},"87":{"start":{"line":88,"column":0},"end":{"line":88,"column":14}},"88":{"start":{"line":89,"column":0},"end":{"line":89,"column":22}},"89":{"start":{"line":90,"column":0},"end":{"line":90,"column":13}},"91":{"start":{"line":92,"column":0},"end":{"line":92,"column":2}},"93":{"start":{"line":94,"column":0},"end":{"line":94,"column":19}}},"s":{"0":1,"1":1,"2":1,"3":1,"4":1,"5":1,"7":1,"9":1,"10":67,"11":67,"12":67,"13":67,"15":67,"16":28,"17":28,"18":28,"20":28,"21":28,"22":28,"23":28,"24":26,"26":28,"27":4,"28":4,"29":4,"30":28,"31":21,"32":21,"33":28,"34":3,"35":3,"36":3,"37":3,"38":3,"39":28,"40":28,"41":28,"42":67,"43":67,"44":1,"45":1,"47":67,"48":0,"49":0,"50":0,"51":0,"53":67,"54":67,"55":67,"56":67,"57":67,"59":67,"60":67,"61":67,"62":67,"63":67,"64":67,"65":67,"66":67,"67":67,"68":67,"70":67,"71":67,"72":67,"73":67,"74":67,"75":67,"78":67,"79":67,"80":67,"81":67,"82":67,"84":67,"85":67,"86":67,"87":67,"88":67,"89":67,"91":67,"93":1},"branchMap":{"0":{"type":"branch","line":10,"loc":{"start":{"line":10,"column":12},"end":{"line":92,"column":2}},"locations":[{"start":{"line":10,"column":12},"end":{"line":92,"column":2}}]},"1":{"type":"branch","line":16,"loc":{"start":{"line":16,"column":35},"end":{"line":43,"column":5}},"locations":[{"start":{"line":16,"column":35},"end":{"line":43,"column":5}}]},"2":{"type":"branch","line":24,"loc":{"start":{"line":24,"column":6},"end":{"line":25,"column":41}},"locations":[{"start":{"line":24,"column":6},"end":{"line":25,"column":41}}]},"3":{"type":"branch","line":25,"loc":{"start":{"line":25,"column":39},"end":{"line":27,"column":49}},"locations":[{"start":{"line":25,"column":39},"end":{"line":27,"column":49}}]},"4":{"type":"branch","line":27,"loc":{"start":{"line":27,"column":49},"end":{"line":31,"column":13}},"locations":[{"start":{"line":27,"column":49},"end":{"line":31,"column":13}}]},"5":{"type":"branch","line":31,"loc":{"start":{"line":31,"column":6},"end":{"line":33,"column":7}},"locations":[{"start":{"line":31,"column":6},"end":{"line":33,"column":7}}]},"6":{"type":"branch","line":34,"loc":{"start":{"line":34,"column":4},"end":{"line":40,"column":6}},"locations":[{"start":{"line":34,"column":4},"end":{"line":40,"column":6}}]},"7":{"type":"branch","line":37,"loc":{"start":{"line":37,"column":39},"end":{"line":37,"column":79}},"locations":[{"start":{"line":37,"column":39},"end":{"line":37,"column":79}}]},"8":{"type":"branch","line":29,"loc":{"start":{"line":29,"column":26},"end":{"line":29,"column":78}},"locations":[{"start":{"line":29,"column":26},"end":{"line":29,"column":78}}]},"9":{"type":"branch","line":44,"loc":{"start":{"line":44,"column":22},"end":{"line":46,"column":4}},"locations":[{"start":{"line":44,"column":22},"end":{"line":46,"column":4}}]}},"b":{"0":[67],"1":[28],"2":[26],"3":[25],"4":[4],"5":[21],"6":[3],"7":[0],"8":[4],"9":[1]},"fnMap":{"0":{"name":"App","decl":{"start":{"line":10,"column":12},"end":{"line":92,"column":2}},"loc":{"start":{"line":10,"column":12},"end":{"line":92,"column":2}},"line":10},"1":{"name":"handleRetry","decl":{"start":{"line":44,"column":22},"end":{"line":46,"column":4}},"loc":{"start":{"line":44,"column":22},"end":{"line":46,"column":4}},"line":44},"2":{"name":"throwTestError","decl":{"start":{"line":48,"column":25},"end":{"line":52,"column":4}},"loc":{"start":{"line":48,"column":25},"end":{"line":52,"column":4}},"line":48}},"f":{"0":67,"1":1,"2":0}}
,"C:\\Users\\user\\Documents\\pet-projects\\react\\src\\components\\CharacterCard.tsx": {"path":"C:\\Users\\user\\Documents\\pet-projects\\react\\src\\components\\CharacterCard.tsx","all":false,"statementMap":{"0":{"start":{"line":1,"column":0},"end":{"line":1,"column":61}},"7":{"start":{"line":8,"column":0},"end":{"line":8,"column":61}},"8":{"start":{"line":9,"column":0},"end":{"line":9,"column":21}},"10":{"start":{"line":11,"column":0},"end":{"line":11,"column":39}},"11":{"start":{"line":12,"column":0},"end":{"line":12,"column":35}},"12":{"start":{"line":13,"column":0},"end":{"line":13,"column":3}},"14":{"start":{"line":15,"column":0},"end":{"line":15,"column":43}},"15":{"start":{"line":16,"column":0},"end":{"line":16,"column":49}},"16":{"start":{"line":17,"column":0},"end":{"line":17,"column":3}},"18":{"start":{"line":19,"column":0},"end":{"line":19,"column":39}},"19":{"start":{"line":20,"column":0},"end":{"line":20,"column":47}},"20":{"start":{"line":21,"column":0},"end":{"line":21,"column":3}},"22":{"start":{"line":23,"column":0},"end":{"line":23,"column":37}},"23":{"start":{"line":24,"column":0},"end":{"line":24,"column":40}},"24":{"start":{"line":25,"column":0},"end":{"line":25,"column":3}},"26":{"start":{"line":27,"column":0},"end":{"line":27,"column":29}},"27":{"start":{"line":28,"column":0},"end":{"line":28,"column":2}},"29":{"start":{"line":30,"column":0},"end":{"line":30,"column":56}},"30":{"start":{"line":31,"column":0},"end":{"line":31,"column":51}},"32":{"start":{"line":33,"column":0},"end":{"line":33,"column":10}},"33":{"start":{"line":34,"column":0},"end":{"line":34,"column":125}},"34":{"start":{"line":35,"column":0},"end":{"line":35,"column":50}},"35":{"start":{"line":36,"column":0},"end":{"line":36,"column":39}},"36":{"start":{"line":37,"column":0},"end":{"line":37,"column":129}},"37":{"start":{"line":38,"column":0},"end":{"line":38,"column":51}},"38":{"start":{"line":39,"column":0},"end":{"line":39,"column":16}},"39":{"start":{"line":40,"column":0},"end":{"line":40,"column":14}},"41":{"start":{"line":42,"column":0},"end":{"line":42,"column":40}},"42":{"start":{"line":43,"column":0},"end":{"line":43,"column":67}},"43":{"start":{"line":44,"column":0},"end":{"line":44,"column":28}},"44":{"start":{"line":45,"column":0},"end":{"line":45,"column":15}},"46":{"start":{"line":47,"column":0},"end":{"line":47,"column":27}},"47":{"start":{"line":48,"column":0},"end":{"line":48,"column":71}},"50":{"start":{"line":51,"column":0},"end":{"line":51,"column":70}},"51":{"start":{"line":52,"column":0},"end":{"line":52,"column":48}},"52":{"start":{"line":53,"column":0},"end":{"line":53,"column":59}},"53":{"start":{"line":54,"column":0},"end":{"line":54,"column":45}},"54":{"start":{"line":55,"column":0},"end":{"line":55,"column":49}},"55":{"start":{"line":56,"column":0},"end":{"line":56,"column":20}},"58":{"start":{"line":59,"column":0},"end":{"line":59,"column":46}},"59":{"start":{"line":60,"column":0},"end":{"line":60,"column":59}},"60":{"start":{"line":61,"column":0},"end":{"line":61,"column":46}},"61":{"start":{"line":62,"column":0},"end":{"line":62,"column":47}},"62":{"start":{"line":63,"column":0},"end":{"line":63,"column":20}},"65":{"start":{"line":66,"column":0},"end":{"line":66,"column":52}},"66":{"start":{"line":67,"column":0},"end":{"line":67,"column":59}},"67":{"start":{"line":68,"column":0},"end":{"line":68,"column":48}},"68":{"start":{"line":69,"column":0},"end":{"line":69,"column":51}},"69":{"start":{"line":70,"column":0},"end":{"line":70,"column":20}},"71":{"start":{"line":72,"column":0},"end":{"line":72,"column":16}},"72":{"start":{"line":73,"column":0},"end":{"line":73,"column":14}},"73":{"start":{"line":74,"column":0},"end":{"line":74,"column":12}},"74":{"start":{"line":75,"column":0},"end":{"line":75,"column":10}},"76":{"start":{"line":77,"column":0},"end":{"line":77,"column":2}}},"s":{"0":1,"7":1,"8":20,"10":20,"11":18,"12":18,"14":20,"15":17,"16":17,"18":20,"19":18,"20":18,"22":20,"23":17,"24":17,"26":20,"27":20,"29":1,"30":20,"32":20,"33":20,"34":20,"35":20,"36":20,"37":20,"38":20,"39":20,"41":20,"42":20,"43":20,"44":20,"46":20,"47":19,"50":20,"51":20,"52":18,"53":18,"54":18,"55":18,"58":20,"59":17,"60":17,"61":17,"62":17,"65":20,"66":17,"67":17,"68":17,"69":17,"71":20,"72":20,"73":20,"74":20,"76":20},"branchMap":{"0":{"type":"branch","line":8,"loc":{"start":{"line":8,"column":26},"end":{"line":28,"column":2}},"locations":[{"start":{"line":8,"column":26},"end":{"line":28,"column":2}}]},"1":{"type":"branch","line":11,"loc":{"start":{"line":11,"column":38},"end":{"line":13,"column":3}},"locations":[{"start":{"line":11,"column":38},"end":{"line":13,"column":3}}]},"2":{"type":"branch","line":15,"loc":{"start":{"line":15,"column":42},"end":{"line":17,"column":3}},"locations":[{"start":{"line":15,"column":42},"end":{"line":17,"column":3}}]},"3":{"type":"branch","line":19,"loc":{"start":{"line":19,"column":38},"end":{"line":21,"column":3}},"locations":[{"start":{"line":19,"column":38},"end":{"line":21,"column":3}}]},"4":{"type":"branch","line":23,"loc":{"start":{"line":23,"column":36},"end":{"line":25,"column":3}},"locations":[{"start":{"line":23,"column":36},"end":{"line":25,"column":3}}]},"5":{"type":"branch","line":30,"loc":{"start":{"line":30,"column":29},"end":{"line":77,"column":2}},"locations":[{"start":{"line":30,"column":29},"end":{"line":77,"column":2}}]},"6":{"type":"branch","line":47,"loc":{"start":{"line":47,"column":11},"end":{"line":48,"column":71}},"locations":[{"start":{"line":47,"column":11},"end":{"line":48,"column":71}}]},"7":{"type":"branch","line":52,"loc":{"start":{"line":52,"column":34},"end":{"line":56,"column":20}},"locations":[{"start":{"line":52,"column":34},"end":{"line":56,"column":20}}]},"8":{"type":"branch","line":59,"loc":{"start":{"line":59,"column":32},"end":{"line":63,"column":20}},"locations":[{"start":{"line":59,"column":32},"end":{"line":63,"column":20}}]},"9":{"type":"branch","line":66,"loc":{"start":{"line":66,"column":38},"end":{"line":70,"column":20}},"locations":[{"start":{"line":66,"column":38},"end":{"line":70,"column":20}}]}},"b":{"0":[20],"1":[18],"2":[17],"3":[18],"4":[17],"5":[20],"6":[19],"7":[18],"8":[17],"9":[17]},"fnMap":{"0":{"name":"formatDescription","decl":{"start":{"line":8,"column":26},"end":{"line":28,"column":2}},"loc":{"start":{"line":8,"column":26},"end":{"line":28,"column":2}},"line":8},"1":{"name":"CharacterCard","decl":{"start":{"line":30,"column":29},"end":{"line":77,"column":2}},"loc":{"start":{"line":30,"column":29},"end":{"line":77,"column":2}},"line":30}},"f":{"0":20,"1":20}}
,"C:\\Users\\user\\Documents\\pet-projects\\react\\src\\components\\ErrorBoundary.tsx": {"path":"C:\\Users\\user\\Documents\\pet-projects\\react\\src\\components\\ErrorBoundary.tsx","all":false,"statementMap":{"0":{"start":{"line":1,"column":0},"end":{"line":1,"column":41}},"13":{"start":{"line":14,"column":0},"end":{"line":14,"column":60}},"14":{"start":{"line":15,"column":0},"end":{"line":15,"column":29}},"15":{"start":{"line":16,"column":0},"end":{"line":16,"column":17}},"16":{"start":{"line":17,"column":0},"end":{"line":17,"column":37}},"17":{"start":{"line":18,"column":0},"end":{"line":18,"column":3}},"19":{"start":{"line":20,"column":0},"end":{"line":20,"column":56}},"20":{"start":{"line":21,"column":0},"end":{"line":21,"column":37}},"21":{"start":{"line":22,"column":0},"end":{"line":22,"column":3}},"23":{"start":{"line":24,"column":0},"end":{"line":24,"column":63}},"24":{"start":{"line":25,"column":0},"end":{"line":25,"column":65}},"25":{"start":{"line":26,"column":0},"end":{"line":26,"column":3}},"27":{"start":{"line":28,"column":0},"end":{"line":28,"column":12}},"28":{"start":{"line":29,"column":0},"end":{"line":29,"column":30}},"29":{"start":{"line":30,"column":0},"end":{"line":30,"column":14}},"30":{"start":{"line":31,"column":0},"end":{"line":31,"column":87}},"31":{"start":{"line":32,"column":0},"end":{"line":32,"column":89}},"32":{"start":{"line":33,"column":0},"end":{"line":33,"column":77}},"33":{"start":{"line":34,"column":0},"end":{"line":34,"column":66}},"35":{"start":{"line":36,"column":0},"end":{"line":36,"column":17}},"36":{"start":{"line":37,"column":0},"end":{"line":37,"column":46}},"39":{"start":{"line":40,"column":0},"end":{"line":40,"column":16}},"40":{"start":{"line":41,"column":0},"end":{"line":41,"column":19}},"41":{"start":{"line":42,"column":0},"end":{"line":42,"column":54}},"42":{"start":{"line":43,"column":0},"end":{"line":43,"column":105}},"43":{"start":{"line":44,"column":0},"end":{"line":44,"column":13}},"45":{"start":{"line":46,"column":0},"end":{"line":46,"column":21}},"46":{"start":{"line":47,"column":0},"end":{"line":47,"column":34}},"47":{"start":{"line":48,"column":0},"end":{"line":48,"column":50}},"48":{"start":{"line":49,"column":0},"end":{"line":49,"column":74}},"50":{"start":{"line":51,"column":0},"end":{"line":51,"column":26}},"51":{"start":{"line":52,"column":0},"end":{"line":52,"column":95}},"52":{"start":{"line":53,"column":0},"end":{"line":53,"column":47}},"53":{"start":{"line":54,"column":0},"end":{"line":54,"column":22}},"54":{"start":{"line":55,"column":0},"end":{"line":55,"column":24}},"56":{"start":{"line":57,"column":0},"end":{"line":57,"column":16}},"57":{"start":{"line":58,"column":0},"end":{"line":58,"column":14}},"59":{"start":{"line":60,"column":0},"end":{"line":60,"column":5}},"61":{"start":{"line":62,"column":0},"end":{"line":62,"column":31}},"62":{"start":{"line":63,"column":0},"end":{"line":63,"column":3}},"63":{"start":{"line":64,"column":0},"end":{"line":64,"column":1}}},"s":{"0":1,"13":1,"14":1,"15":31,"16":31,"17":31,"19":1,"20":18,"21":18,"23":1,"24":9,"25":9,"27":1,"28":104,"29":19,"30":19,"31":19,"32":19,"33":19,"35":19,"36":19,"39":19,"40":19,"41":19,"42":19,"43":19,"45":19,"46":19,"47":19,"48":19,"50":19,"51":19,"52":19,"53":19,"54":19,"56":19,"57":19,"59":19,"61":85,"62":104,"63":1},"branchMap":{"0":{"type":"branch","line":15,"loc":{"start":{"line":15,"column":2},"end":{"line":18,"column":3}},"locations":[{"start":{"line":15,"column":2},"end":{"line":18,"column":3}}]},"1":{"type":"branch","line":20,"loc":{"start":{"line":20,"column":9},"end":{"line":22,"column":3}},"locations":[{"start":{"line":20,"column":9},"end":{"line":22,"column":3}}]},"2":{"type":"branch","line":24,"loc":{"start":{"line":24,"column":2},"end":{"line":26,"column":3}},"locations":[{"start":{"line":24,"column":2},"end":{"line":26,"column":3}}]},"3":{"type":"branch","line":28,"loc":{"start":{"line":28,"column":2},"end":{"line":63,"column":3}},"locations":[{"start":{"line":28,"column":2},"end":{"line":63,"column":3}}]},"4":{"type":"branch","line":29,"loc":{"start":{"line":29,"column":29},"end":{"line":62,"column":31}},"locations":[{"start":{"line":29,"column":29},"end":{"line":62,"column":31}}]},"5":{"type":"branch","line":29,"loc":{"start":{"line":29,"column":29},"end":{"line":60,"column":5}},"locations":[{"start":{"line":29,"column":29},"end":{"line":60,"column":5}}]},"6":{"type":"branch","line":42,"loc":{"start":{"line":42,"column":23},"end":{"line":42,"column":54}},"locations":[{"start":{"line":42,"column":23},"end":{"line":42,"column":54}}]}},"b":{"0":[31],"1":[18],"2":[9],"3":[104],"4":[85],"5":[19],"6":[1]},"fnMap":{"0":{"name":"ErrorBoundary","decl":{"start":{"line":15,"column":2},"end":{"line":18,"column":3}},"loc":{"start":{"line":15,"column":2},"end":{"line":18,"column":3}},"line":15},"1":{"name":"getDerivedStateFromError","decl":{"start":{"line":20,"column":9},"end":{"line":22,"column":3}},"loc":{"start":{"line":20,"column":9},"end":{"line":22,"column":3}},"line":20},"2":{"name":"componentDidCatch","decl":{"start":{"line":24,"column":2},"end":{"line":26,"column":3}},"loc":{"start":{"line":24,"column":2},"end":{"line":26,"column":3}},"line":24},"3":{"name":"render","decl":{"start":{"line":28,"column":2},"end":{"line":63,"column":3}},"loc":{"start":{"line":28,"column":2},"end":{"line":63,"column":3}},"line":28},"4":{"name":"onClick","decl":{"start":{"line":42,"column":23},"end":{"line":42,"column":54}},"loc":{"start":{"line":42,"column":23},"end":{"line":42,"column":54}},"line":42}},"f":{"0":31,"1":18,"2":9,"3":104,"4":1}}
,"C:\\Users\\user\\Documents\\pet-projects\\react\\src\\components\\ErrorMessage.tsx": {"path":"C:\\Users\\user\\Documents\\pet-projects\\react\\src\\components\\ErrorMessage.tsx","all":false,"statementMap":{"0":{"start":{"line":1,"column":0},"end":{"line":1,"column":43}},"7":{"start":{"line":8,"column":0},"end":{"line":8,"column":62}},"8":{"start":{"line":9,"column":0},"end":{"line":9,"column":10}},"9":{"start":{"line":10,"column":0},"end":{"line":10,"column":74}},"10":{"start":{"line":11,"column":0},"end":{"line":11,"column":61}},"11":{"start":{"line":12,"column":0},"end":{"line":12,"column":63}},"13":{"start":{"line":14,"column":0},"end":{"line":14,"column":11}},"14":{"start":{"line":15,"column":0},"end":{"line":15,"column":74}},"15":{"start":{"line":16,"column":0},"end":{"line":16,"column":19}},"16":{"start":{"line":17,"column":0},"end":{"line":17,"column":15}},"17":{"start":{"line":18,"column":0},"end":{"line":18,"column":27}},"18":{"start":{"line":19,"column":0},"end":{"line":19,"column":101}},"19":{"start":{"line":20,"column":0},"end":{"line":20,"column":9}},"21":{"start":{"line":22,"column":0},"end":{"line":22,"column":17}},"23":{"start":{"line":24,"column":0},"end":{"line":24,"column":10}},"25":{"start":{"line":26,"column":0},"end":{"line":26,"column":2}}},"s":{"0":1,"7":1,"8":16,"9":16,"10":16,"11":16,"13":16,"14":16,"15":16,"16":9,"17":9,"18":9,"19":9,"21":9,"23":16,"25":16},"branchMap":{"0":{"type":"branch","line":8,"loc":{"start":{"line":8,"column":28},"end":{"line":26,"column":2}},"locations":[{"start":{"line":8,"column":28},"end":{"line":26,"column":2}}]},"1":{"type":"branch","line":16,"loc":{"start":{"line":16,"column":7},"end":{"line":22,"column":17}},"locations":[{"start":{"line":16,"column":7},"end":{"line":22,"column":17}}]}},"b":{"0":[16],"1":[9]},"fnMap":{"0":{"name":"ErrorMessage","decl":{"start":{"line":8,"column":28},"end":{"line":26,"column":2}},"loc":{"start":{"line":8,"column":28},"end":{"line":26,"column":2}},"line":8}},"f":{"0":16}}
,"C:\\Users\\user\\Documents\\pet-projects\\react\\src\\components\\LoadingSpinner.tsx": {"path":"C:\\Users\\user\\Documents\\pet-projects\\react\\src\\components\\LoadingSpinner.tsx","all":false,"statementMap":{"0":{"start":{"line":1,"column":0},"end":{"line":1,"column":37}},"1":{"start":{"line":2,"column":0},"end":{"line":2,"column":10}},"2":{"start":{"line":3,"column":0},"end":{"line":3,"column":60}},"3":{"start":{"line":4,"column":0},"end":{"line":4,"column":32}},"4":{"start":{"line":5,"column":0},"end":{"line":5,"column":110}},"5":{"start":{"line":6,"column":0},"end":{"line":6,"column":12}},"6":{"start":{"line":7,"column":0},"end":{"line":7,"column":122}},"7":{"start":{"line":8,"column":0},"end":{"line":8,"column":78}},"8":{"start":{"line":9,"column":0},"end":{"line":9,"column":15}},"9":{"start":{"line":10,"column":0},"end":{"line":10,"column":12}},"10":{"start":{"line":11,"column":0},"end":{"line":11,"column":11}},"11":{"start":{"line":12,"column":0},"end":{"line":12,"column":37}},"12":{"start":{"line":13,"column":0},"end":{"line":13,"column":50}},"13":{"start":{"line":14,"column":0},"end":{"line":14,"column":7}},"15":{"start":{"line":16,"column":0},"end":{"line":16,"column":13}},"16":{"start":{"line":17,"column":0},"end":{"line":17,"column":10}},"18":{"start":{"line":19,"column":0},"end":{"line":19,"column":2}}},"s":{"0":1,"1":35,"2":35,"3":35,"4":35,"5":35,"6":35,"7":35,"8":35,"9":35,"10":35,"11":35,"12":35,"13":35,"15":35,"16":35,"18":35},"branchMap":{"0":{"type":"branch","line":1,"loc":{"start":{"line":1,"column":30},"end":{"line":19,"column":2}},"locations":[{"start":{"line":1,"column":30},"end":{"line":19,"column":2}}]}},"b":{"0":[35]},"fnMap":{"0":{"name":"LoadingSpinner","decl":{"start":{"line":1,"column":30},"end":{"line":19,"column":2}},"loc":{"start":{"line":1,"column":30},"end":{"line":19,"column":2}},"line":1}},"f":{"0":35}}
,"C:\\Users\\user\\Documents\\pet-projects\\react\\src\\components\\ResultsSection.tsx": {"path":"C:\\Users\\user\\Documents\\pet-projects\\react\\src\\components\\ResultsSection.tsx","all":false,"statementMap":{"0":{"start":{"line":1,"column":0},"end":{"line":1,"column":55}},"12":{"start":{"line":13,"column":0},"end":{"line":13,"column":32}},"13":{"start":{"line":14,"column":0},"end":{"line":14,"column":13}},"14":{"start":{"line":15,"column":0},"end":{"line":15,"column":12}},"15":{"start":{"line":16,"column":0},"end":{"line":16,"column":8}},"16":{"start":{"line":17,"column":0},"end":{"line":17,"column":10}},"17":{"start":{"line":18,"column":0},"end":{"line":18,"column":14}},"18":{"start":{"line":19,"column":0},"end":{"line":19,"column":10}},"19":{"start":{"line":20,"column":0},"end":{"line":20,"column":43}},"20":{"start":{"line":21,"column":0},"end":{"line":21,"column":41}},"21":{"start":{"line":22,"column":0},"end":{"line":22,"column":41}},"23":{"start":{"line":24,"column":0},"end":{"line":24,"column":69}},"25":{"start":{"line":26,"column":0},"end":{"line":26,"column":61}},"26":{"start":{"line":27,"column":0},"end":{"line":27,"column":45}},"27":{"start":{"line":28,"column":0},"end":{"line":28,"column":49}},"29":{"start":{"line":30,"column":0},"end":{"line":30,"column":16}},"30":{"start":{"line":31,"column":0},"end":{"line":31,"column":16}},"33":{"start":{"line":34,"column":0},"end":{"line":34,"column":59}},"34":{"start":{"line":35,"column":0},"end":{"line":35,"column":15}},"35":{"start":{"line":36,"column":0},"end":{"line":36,"column":34}},"36":{"start":{"line":37,"column":0},"end":{"line":37,"column":66}},"37":{"start":{"line":38,"column":0},"end":{"line":38,"column":61}},"38":{"start":{"line":39,"column":0},"end":{"line":39,"column":53}},"39":{"start":{"line":40,"column":0},"end":{"line":40,"column":19}},"40":{"start":{"line":41,"column":0},"end":{"line":41,"column":18}},"42":{"start":{"line":43,"column":0},"end":{"line":43,"column":70}},"43":{"start":{"line":44,"column":0},"end":{"line":44,"column":53}},"44":{"start":{"line":45,"column":0},"end":{"line":45,"column":30}},"45":{"start":{"line":46,"column":0},"end":{"line":46,"column":51}},"46":{"start":{"line":47,"column":0},"end":{"line":47,"column":39}},"47":{"start":{"line":48,"column":0},"end":{"line":48,"column":18}},"48":{"start":{"line":49,"column":0},"end":{"line":49,"column":17}},"49":{"start":{"line":50,"column":0},"end":{"line":50,"column":18}},"50":{"start":{"line":51,"column":0},"end":{"line":51,"column":16}},"52":{"start":{"line":53,"column":0},"end":{"line":53,"column":12}},"53":{"start":{"line":54,"column":0},"end":{"line":54,"column":10}},"55":{"start":{"line":56,"column":0},"end":{"line":56,"column":2}}},"s":{"0":1,"12":1,"13":74,"14":74,"15":74,"16":74,"17":74,"18":74,"19":74,"20":74,"21":74,"23":74,"25":74,"26":33,"27":33,"29":33,"30":33,"33":74,"34":7,"35":7,"36":7,"37":7,"38":7,"39":7,"40":7,"42":7,"43":7,"44":9,"45":9,"46":9,"47":9,"48":7,"49":7,"50":7,"52":74,"53":74,"55":74},"branchMap":{"0":{"type":"branch","line":13,"loc":{"start":{"line":13,"column":30},"end":{"line":56,"column":2}},"locations":[{"start":{"line":13,"column":30},"end":{"line":56,"column":2}}]},"1":{"type":"branch","line":22,"loc":{"start":{"line":22,"column":9},"end":{"line":22,"column":41}},"locations":[{"start":{"line":22,"column":9},"end":{"line":22,"column":41}}]},"2":{"type":"branch","line":24,"loc":{"start":{"line":24,"column":9},"end":{"line":24,"column":69}},"locations":[{"start":{"line":24,"column":9},"end":{"line":24,"column":69}}]},"3":{"type":"branch","line":26,"loc":{"start":{"line":26,"column":10},"end":{"line":26,"column":33}},"locations":[{"start":{"line":26,"column":10},"end":{"line":26,"column":33}}]},"4":{"type":"branch","line":26,"loc":{"start":{"line":26,"column":24},"end":{"line":26,"column":61}},"locations":[{"start":{"line":26,"column":24},"end":{"line":26,"column":61}}]},"5":{"type":"branch","line":26,"loc":{"start":{"line":26,"column":55},"end":{"line":31,"column":16}},"locations":[{"start":{"line":26,"column":55},"end":{"line":31,"column":16}}]},"6":{"type":"branch","line":34,"loc":{"start":{"line":34,"column":10},"end":{"line":34,"column":33}},"locations":[{"start":{"line":34,"column":10},"end":{"line":34,"column":33}}]},"7":{"type":"branch","line":34,"loc":{"start":{"line":34,"column":24},"end":{"line":34,"column":59}},"locations":[{"start":{"line":34,"column":24},"end":{"line":34,"column":59}}]},"8":{"type":"branch","line":34,"loc":{"start":{"line":34,"column":53},"end":{"line":51,"column":16}},"locations":[{"start":{"line":34,"column":53},"end":{"line":51,"column":16}}]},"9":{"type":"branch","line":39,"loc":{"start":{"line":39,"column":39},"end":{"line":39,"column":49}},"locations":[{"start":{"line":39,"column":39},"end":{"line":39,"column":49}}]},"10":{"type":"branch","line":39,"loc":{"start":{"line":39,"column":43},"end":{"line":39,"column":52}},"locations":[{"start":{"line":39,"column":43},"end":{"line":39,"column":52}}]},"11":{"type":"branch","line":44,"loc":{"start":{"line":44,"column":30},"end":{"line":48,"column":18}},"locations":[{"start":{"line":44,"column":30},"end":{"line":48,"column":18}}]}},"b":{"0":[74],"1":[29],"2":[5],"3":[45],"4":[40],"5":[33],"6":[45],"7":[40],"8":[7],"9":[2],"10":[5],"11":[9]},"fnMap":{"0":{"name":"ResultsSection","decl":{"start":{"line":13,"column":30},"end":{"line":56,"column":2}},"loc":{"start":{"line":13,"column":30},"end":{"line":56,"column":2}},"line":13}},"f":{"0":74}}
,"C:\\Users\\user\\Documents\\pet-projects\\react\\src\\components\\SearchSection.tsx": {"path":"C:\\Users\\user\\Documents\\pet-projects\\react\\src\\components\\SearchSection.tsx","all":false,"statementMap":{"0":{"start":{"line":1,"column":0},"end":{"line":1,"column":51}},"8":{"start":{"line":9,"column":0},"end":{"line":9,"column":43}},"10":{"start":{"line":11,"column":0},"end":{"line":11,"column":66}},"11":{"start":{"line":12,"column":0},"end":{"line":12,"column":47}},"12":{"start":{"line":13,"column":0},"end":{"line":13,"column":43}},"13":{"start":{"line":14,"column":0},"end":{"line":14,"column":4}},"15":{"start":{"line":16,"column":0},"end":{"line":16,"column":19}},"16":{"start":{"line":17,"column":0},"end":{"line":17,"column":25}},"17":{"start":{"line":18,"column":0},"end":{"line":18,"column":29}},"19":{"start":{"line":20,"column":0},"end":{"line":20,"column":77}},"20":{"start":{"line":21,"column":0},"end":{"line":21,"column":38}},"21":{"start":{"line":22,"column":0},"end":{"line":22,"column":4}},"23":{"start":{"line":24,"column":0},"end":{"line":24,"column":30}},"24":{"start":{"line":25,"column":0},"end":{"line":25,"column":42}},"25":{"start":{"line":26,"column":0},"end":{"line":26,"column":51}},"26":{"start":{"line":27,"column":0},"end":{"line":27,"column":26}},"27":{"start":{"line":28,"column":0},"end":{"line":28,"column":4}},"29":{"start":{"line":30,"column":0},"end":{"line":30,"column":76}},"30":{"start":{"line":31,"column":0},"end":{"line":31,"column":32}},"31":{"start":{"line":32,"column":0},"end":{"line":32,"column":21}},"32":{"start":{"line":33,"column":0},"end":{"line":33,"column":5}},"33":{"start":{"line":34,"column":0},"end":{"line":34,"column":4}},"35":{"start":{"line":36,"column":0},"end":{"line":36,"column":10}},"36":{"start":{"line":37,"column":0},"end":{"line":37,"column":69}},"37":{"start":{"line":38,"column":0},"end":{"line":38,"column":41}},"38":{"start":{"line":39,"column":0},"end":{"line":39,"column":74}},"40":{"start":{"line":41,"column":0},"end":{"line":41,"column":13}},"42":{"start":{"line":43,"column":0},"end":{"line":43,"column":87}},"43":{"start":{"line":44,"column":0},"end":{"line":44,"column":43}},"44":{"start":{"line":45,"column":0},"end":{"line":45,"column":107}},"45":{"start":{"line":46,"column":0},"end":{"line":46,"column":18}},"46":{"start":{"line":47,"column":0},"end":{"line":47,"column":38}},"47":{"start":{"line":48,"column":0},"end":{"line":48,"column":25}},"48":{"start":{"line":49,"column":0},"end":{"line":49,"column":32}},"49":{"start":{"line":50,"column":0},"end":{"line":50,"column":42}},"50":{"start":{"line":51,"column":0},"end":{"line":51,"column":41}},"51":{"start":{"line":52,"column":0},"end":{"line":52,"column":62}},"52":{"start":{"line":53,"column":0},"end":{"line":53,"column":34}},"53":{"start":{"line":54,"column":0},"end":{"line":54,"column":217}},"54":{"start":{"line":55,"column":0},"end":{"line":55,"column":14}},"55":{"start":{"line":56,"column":0},"end":{"line":56,"column":16}},"57":{"start":{"line":58,"column":0},"end":{"line":58,"column":17}},"58":{"start":{"line":59,"column":0},"end":{"line":59,"column":39}},"59":{"start":{"line":60,"column":0},"end":{"line":60,"column":34}},"60":{"start":{"line":61,"column":0},"end":{"line":61,"column":32}},"61":{"start":{"line":62,"column":0},"end":{"line":62,"column":164}},"63":{"start":{"line":64,"column":0},"end":{"line":64,"column":51}},"64":{"start":{"line":65,"column":0},"end":{"line":65,"column":19}},"65":{"start":{"line":66,"column":0},"end":{"line":66,"column":14}},"66":{"start":{"line":67,"column":0},"end":{"line":67,"column":12}},"67":{"start":{"line":68,"column":0},"end":{"line":68,"column":10}},"69":{"start":{"line":70,"column":0},"end":{"line":70,"column":2}}},"s":{"0":1,"8":1,"10":1,"11":130,"12":130,"13":130,"15":130,"16":75,"17":130,"19":130,"20":53,"21":53,"23":130,"24":5,"25":5,"26":5,"27":5,"29":130,"30":54,"31":1,"32":1,"33":54,"35":130,"36":130,"37":130,"38":130,"40":130,"42":130,"43":130,"44":130,"45":130,"46":130,"47":130,"48":130,"49":130,"50":130,"51":130,"52":130,"53":130,"54":130,"55":130,"57":130,"58":130,"59":130,"60":130,"61":130,"63":130,"64":130,"65":130,"66":130,"67":130,"69":130},"branchMap":{"0":{"type":"branch","line":11,"loc":{"start":{"line":11,"column":29},"end":{"line":70,"column":2}},"locations":[{"start":{"line":11,"column":29},"end":{"line":70,"column":2}}]},"1":{"type":"branch","line":13,"loc":{"start":{"line":13,"column":36},"end":{"line":13,"column":43}},"locations":[{"start":{"line":13,"column":36},"end":{"line":13,"column":43}}]},"2":{"type":"branch","line":64,"loc":{"start":{"line":64,"column":13},"end":{"line":64,"column":42}},"locations":[{"start":{"line":64,"column":13},"end":{"line":64,"column":42}}]},"3":{"type":"branch","line":64,"loc":{"start":{"line":64,"column":25},"end":{"line":64,"column":51}},"locations":[{"start":{"line":64,"column":25},"end":{"line":64,"column":51}}]},"4":{"type":"branch","line":16,"loc":{"start":{"line":16,"column":12},"end":{"line":18,"column":5}},"locations":[{"start":{"line":16,"column":12},"end":{"line":18,"column":5}}]},"5":{"type":"branch","line":20,"loc":{"start":{"line":20,"column":28},"end":{"line":22,"column":4}},"locations":[{"start":{"line":20,"column":28},"end":{"line":22,"column":4}}]},"6":{"type":"branch","line":24,"loc":{"start":{"line":24,"column":23},"end":{"line":28,"column":4}},"locations":[{"start":{"line":24,"column":23},"end":{"line":28,"column":4}}]},"7":{"type":"branch","line":30,"loc":{"start":{"line":30,"column":25},"end":{"line":34,"column":4}},"locations":[{"start":{"line":30,"column":25},"end":{"line":34,"column":4}}]},"8":{"type":"branch","line":31,"loc":{"start":{"line":31,"column":31},"end":{"line":33,"column":5}},"locations":[{"start":{"line":31,"column":31},"end":{"line":33,"column":5}}]}},"b":{"0":[130],"1":[125],"2":[29],"3":[101],"4":[75],"5":[53],"6":[5],"7":[54],"8":[1]},"fnMap":{"0":{"name":"SearchSection","decl":{"start":{"line":11,"column":29},"end":{"line":70,"column":2}},"loc":{"start":{"line":11,"column":29},"end":{"line":70,"column":2}},"line":11},"1":{"name":"handleInputChange","decl":{"start":{"line":20,"column":28},"end":{"line":22,"column":4}},"loc":{"start":{"line":20,"column":28},"end":{"line":22,"column":4}},"line":20},"2":{"name":"handleSearch","decl":{"start":{"line":24,"column":23},"end":{"line":28,"column":4}},"loc":{"start":{"line":24,"column":23},"end":{"line":28,"column":4}},"line":24},"3":{"name":"handleKeyPress","decl":{"start":{"line":30,"column":25},"end":{"line":34,"column":4}},"loc":{"start":{"line":30,"column":25},"end":{"line":34,"column":4}},"line":30}},"f":{"0":130,"1":53,"2":5,"3":54}}
,"C:\\Users\\user\\Documents\\pet-projects\\react\\src\\services\\api.ts": {"path":"C:\\Users\\user\\Documents\\pet-projects\\react\\src\\services\\api.ts","all":false,"statementMap":{"2":{"start":{"line":3,"column":0},"end":{"line":3,"column":25}},"3":{"start":{"line":4,"column":0},"end":{"line":4,"column":3}},"4":{"start":{"line":5,"column":0},"end":{"line":5,"column":27}},"5":{"start":{"line":6,"column":0},"end":{"line":6,"column":18}},"6":{"start":{"line":7,"column":0},"end":{"line":7,"column":15}},"7":{"start":{"line":8,"column":0},"end":{"line":8,"column":24}},"8":{"start":{"line":9,"column":0},"end":{"line":9,"column":23}},"9":{"start":{"line":10,"column":0},"end":{"line":10,"column":22}},"10":{"start":{"line":11,"column":0},"end":{"line":11,"column":24}},"11":{"start":{"line":12,"column":0},"end":{"line":12,"column":19}},"12":{"start":{"line":13,"column":0},"end":{"line":13,"column":50}},"13":{"start":{"line":14,"column":0},"end":{"line":14,"column":46}},"14":{"start":{"line":15,"column":0},"end":{"line":15,"column":16}},"15":{"start":{"line":16,"column":0},"end":{"line":16,"column":53}},"16":{"start":{"line":17,"column":0},"end":{"line":17,"column":55}},"17":{"start":{"line":18,"column":0},"end":{"line":18,"column":43}},"18":{"start":{"line":19,"column":0},"end":{"line":19,"column":42}},"19":{"start":{"line":20,"column":0},"end":{"line":20,"column":43}},"20":{"start":{"line":21,"column":0},"end":{"line":21,"column":4}},"21":{"start":{"line":22,"column":0},"end":{"line":22,"column":3}},"22":{"start":{"line":23,"column":0},"end":{"line":23,"column":24}},"23":{"start":{"line":24,"column":0},"end":{"line":24,"column":18}},"24":{"start":{"line":25,"column":0},"end":{"line":25,"column":16}},"25":{"start":{"line":26,"column":0},"end":{"line":26,"column":23}},"26":{"start":{"line":27,"column":0},"end":{"line":27,"column":24}},"27":{"start":{"line":28,"column":0},"end":{"line":28,"column":24}},"28":{"start":{"line":29,"column":0},"end":{"line":29,"column":26}},"29":{"start":{"line":30,"column":0},"end":{"line":30,"column":19}},"30":{"start":{"line":31,"column":0},"end":{"line":31,"column":50}},"31":{"start":{"line":32,"column":0},"end":{"line":32,"column":46}},"32":{"start":{"line":33,"column":0},"end":{"line":33,"column":16}},"33":{"start":{"line":34,"column":0},"end":{"line":34,"column":17}},"34":{"start":{"line":35,"column":0},"end":{"line":35,"column":55}},"35":{"start":{"line":36,"column":0},"end":{"line":36,"column":43}},"36":{"start":{"line":37,"column":0},"end":{"line":37,"column":42}},"37":{"start":{"line":38,"column":0},"end":{"line":38,"column":43}},"38":{"start":{"line":39,"column":0},"end":{"line":39,"column":4}},"39":{"start":{"line":40,"column":0},"end":{"line":40,"column":3}},"40":{"start":{"line":41,"column":0},"end":{"line":41,"column":24}},"41":{"start":{"line":42,"column":0},"end":{"line":42,"column":18}},"42":{"start":{"line":43,"column":0},"end":{"line":43,"column":15}},"43":{"start":{"line":44,"column":0},"end":{"line":44,"column":24}},"44":{"start":{"line":45,"column":0},"end":{"line":45,"column":24}},"45":{"start":{"line":46,"column":0},"end":{"line":46,"column":23}},"46":{"start":{"line":47,"column":0},"end":{"line":47,"column":24}},"47":{"start":{"line":48,"column":0},"end":{"line":48,"column":21}},"48":{"start":{"line":49,"column":0},"end":{"line":49,"column":50}},"49":{"start":{"line":50,"column":0},"end":{"line":50,"column":46}},"50":{"start":{"line":51,"column":0},"end":{"line":51,"column":16}},"51":{"start":{"line":52,"column":0},"end":{"line":52,"column":53}},"52":{"start":{"line":53,"column":0},"end":{"line":53,"column":18}},"53":{"start":{"line":54,"column":0},"end":{"line":54,"column":43}},"54":{"start":{"line":55,"column":0},"end":{"line":55,"column":42}},"55":{"start":{"line":56,"column":0},"end":{"line":56,"column":43}},"56":{"start":{"line":57,"column":0},"end":{"line":57,"column":4}},"57":{"start":{"line":58,"column":0},"end":{"line":58,"column":2}},"58":{"start":{"line":59,"column":0},"end":{"line":59,"column":41}},"59":{"start":{"line":60,"column":0},"end":{"line":60,"column":22}},"60":{"start":{"line":61,"column":0},"end":{"line":61,"column":25}},"62":{"start":{"line":63,"column":0},"end":{"line":63,"column":70}},"63":{"start":{"line":64,"column":0},"end":{"line":64,"column":39}},"64":{"start":{"line":65,"column":0},"end":{"line":65,"column":38}},"65":{"start":{"line":66,"column":0},"end":{"line":66,"column":66}},"66":{"start":{"line":67,"column":0},"end":{"line":67,"column":7}},"67":{"start":{"line":68,"column":0},"end":{"line":68,"column":22}},"69":{"start":{"line":70,"column":0},"end":{"line":70,"column":10}},"70":{"start":{"line":71,"column":0},"end":{"line":71,"column":37}},"71":{"start":{"line":72,"column":0},"end":{"line":72,"column":15}},"72":{"start":{"line":73,"column":0},"end":{"line":73,"column":19}},"73":{"start":{"line":74,"column":0},"end":{"line":74,"column":32}},"74":{"start":{"line":75,"column":0},"end":{"line":75,"column":4}},"75":{"start":{"line":76,"column":0},"end":{"line":76,"column":2}},"77":{"start":{"line":78,"column":0},"end":{"line":78,"column":80}},"78":{"start":{"line":79,"column":0},"end":{"line":79,"column":25}},"79":{"start":{"line":80,"column":0},"end":{"line":80,"column":32}},"80":{"start":{"line":81,"column":0},"end":{"line":81,"column":28}},"81":{"start":{"line":82,"column":0},"end":{"line":82,"column":18}},"82":{"start":{"line":83,"column":0},"end":{"line":83,"column":27}},"83":{"start":{"line":84,"column":0},"end":{"line":84,"column":9}},"84":{"start":{"line":85,"column":0},"end":{"line":85,"column":28}},"85":{"start":{"line":86,"column":0},"end":{"line":86,"column":72}},"86":{"start":{"line":87,"column":0},"end":{"line":87,"column":32}},"88":{"start":{"line":89,"column":0},"end":{"line":89,"column":47}},"89":{"start":{"line":90,"column":0},"end":{"line":90,"column":68}},"91":{"start":{"line":92,"column":0},"end":{"line":92,"column":41}},"92":{"start":{"line":93,"column":0},"end":{"line":93,"column":22}},"93":{"start":{"line":94,"column":0},"end":{"line":94,"column":18}},"94":{"start":{"line":95,"column":0},"end":{"line":95,"column":37}},"95":{"start":{"line":96,"column":0},"end":{"line":96,"column":45}},"96":{"start":{"line":97,"column":0},"end":{"line":97,"column":10}},"97":{"start":{"line":98,"column":0},"end":{"line":98,"column":34}},"98":{"start":{"line":99,"column":0},"end":{"line":99,"column":9}},"100":{"start":{"line":101,"column":0},"end":{"line":101,"column":30}},"102":{"start":{"line":103,"column":0},"end":{"line":103,"column":25}},"103":{"start":{"line":104,"column":0},"end":{"line":104,"column":62}},"104":{"start":{"line":105,"column":0},"end":{"line":105,"column":26}},"105":{"start":{"line":106,"column":0},"end":{"line":106,"column":113}},"106":{"start":{"line":107,"column":0},"end":{"line":107,"column":12}},"107":{"start":{"line":108,"column":0},"end":{"line":108,"column":9}},"109":{"start":{"line":110,"column":0},"end":{"line":110,"column":37}},"110":{"start":{"line":111,"column":0},"end":{"line":111,"column":26}},"111":{"start":{"line":112,"column":0},"end":{"line":112,"column":112}},"112":{"start":{"line":113,"column":0},"end":{"line":113,"column":12}},"113":{"start":{"line":114,"column":0},"end":{"line":114,"column":9}},"115":{"start":{"line":116,"column":0},"end":{"line":116,"column":24}},"116":{"start":{"line":117,"column":0},"end":{"line":117,"column":81}},"117":{"start":{"line":118,"column":0},"end":{"line":118,"column":10}},"118":{"start":{"line":119,"column":0},"end":{"line":119,"column":7}},"120":{"start":{"line":121,"column":0},"end":{"line":121,"column":41}},"121":{"start":{"line":122,"column":0},"end":{"line":122,"column":18}},"122":{"start":{"line":123,"column":0},"end":{"line":123,"column":21}},"123":{"start":{"line":124,"column":0},"end":{"line":124,"column":35}},"124":{"start":{"line":125,"column":0},"end":{"line":125,"column":42}},"125":{"start":{"line":126,"column":0},"end":{"line":126,"column":41}},"126":{"start":{"line":127,"column":0},"end":{"line":127,"column":24}},"127":{"start":{"line":128,"column":0},"end":{"line":128,"column":81}},"128":{"start":{"line":129,"column":0},"end":{"line":129,"column":14}},"129":{"start":{"line":130,"column":0},"end":{"line":130,"column":56}},"130":{"start":{"line":131,"column":0},"end":{"line":131,"column":69}},"131":{"start":{"line":132,"column":0},"end":{"line":132,"column":11}},"132":{"start":{"line":133,"column":0},"end":{"line":133,"column":26}},"133":{"start":{"line":134,"column":0},"end":{"line":134,"column":109}},"134":{"start":{"line":135,"column":0},"end":{"line":135,"column":12}},"135":{"start":{"line":136,"column":0},"end":{"line":136,"column":9}},"137":{"start":{"line":138,"column":0},"end":{"line":138,"column":12}},"138":{"start":{"line":139,"column":0},"end":{"line":139,"column":54}},"139":{"start":{"line":140,"column":0},"end":{"line":140,"column":48}},"140":{"start":{"line":141,"column":0},"end":{"line":141,"column":11}},"141":{"start":{"line":142,"column":0},"end":{"line":142,"column":41}},"142":{"start":{"line":143,"column":0},"end":{"line":143,"column":24}},"143":{"start":{"line":144,"column":0},"end":{"line":144,"column":77}},"144":{"start":{"line":145,"column":0},"end":{"line":145,"column":14}},"145":{"start":{"line":146,"column":0},"end":{"line":146,"column":56}},"146":{"start":{"line":147,"column":0},"end":{"line":147,"column":69}},"147":{"start":{"line":148,"column":0},"end":{"line":148,"column":11}},"148":{"start":{"line":149,"column":0},"end":{"line":149,"column":23}},"149":{"start":{"line":150,"column":0},"end":{"line":150,"column":97}},"150":{"start":{"line":151,"column":0},"end":{"line":151,"column":12}},"151":{"start":{"line":152,"column":0},"end":{"line":152,"column":48}},"152":{"start":{"line":153,"column":0},"end":{"line":153,"column":9}},"154":{"start":{"line":155,"column":0},"end":{"line":155,"column":45}},"155":{"start":{"line":156,"column":0},"end":{"line":156,"column":23}},"156":{"start":{"line":157,"column":0},"end":{"line":157,"column":90}},"157":{"start":{"line":158,"column":0},"end":{"line":158,"column":12}},"158":{"start":{"line":159,"column":0},"end":{"line":159,"column":48}},"159":{"start":{"line":160,"column":0},"end":{"line":160,"column":9}},"161":{"start":{"line":162,"column":0},"end":{"line":162,"column":20}},"162":{"start":{"line":163,"column":0},"end":{"line":163,"column":7}},"164":{"start":{"line":165,"column":0},"end":{"line":165,"column":75}},"165":{"start":{"line":166,"column":0},"end":{"line":166,"column":5}},"166":{"start":{"line":167,"column":0},"end":{"line":167,"column":3}},"167":{"start":{"line":168,"column":0},"end":{"line":168,"column":1}}},"s":{"2":1,"3":1,"4":1,"5":1,"6":1,"7":1,"8":1,"9":1,"10":1,"11":1,"12":1,"13":1,"14":1,"15":1,"16":1,"17":1,"18":1,"19":1,"20":1,"21":1,"22":1,"23":1,"24":1,"25":1,"26":1,"27":1,"28":1,"29":1,"30":1,"31":1,"32":1,"33":1,"34":1,"35":1,"36":1,"37":1,"38":1,"39":1,"40":1,"41":1,"42":1,"43":1,"44":1,"45":1,"46":1,"47":1,"48":1,"49":1,"50":1,"51":1,"52":1,"53":1,"54":1,"55":1,"56":1,"57":1,"58":1,"59":1,"60":1,"62":1,"63":1,"64":1,"65":3,"66":1,"67":0,"69":1,"70":1,"71":1,"72":1,"73":1,"74":1,"75":1,"77":1,"78":1,"79":1,"80":8,"81":8,"82":8,"83":8,"84":8,"85":7,"86":1,"88":8,"89":8,"91":8,"92":8,"93":8,"94":8,"95":8,"96":8,"97":8,"98":8,"100":7,"102":8,"103":2,"104":1,"105":1,"106":1,"107":1,"109":1,"110":1,"111":1,"112":1,"113":1,"115":0,"116":0,"117":0,"118":0,"120":5,"121":5,"122":8,"123":3,"124":3,"125":0,"126":0,"127":0,"128":0,"129":0,"130":0,"131":0,"132":0,"133":0,"134":0,"135":0,"137":3,"138":3,"139":3,"140":3,"141":0,"142":0,"143":0,"144":0,"145":0,"146":0,"147":0,"148":0,"149":0,"150":0,"151":0,"152":0,"154":3,"155":1,"156":1,"157":1,"158":1,"159":1,"161":2,"162":2,"164":0,"165":0,"166":8,"167":1},"branchMap":{"0":{"type":"branch","line":63,"loc":{"start":{"line":63,"column":27},"end":{"line":76,"column":2}},"locations":[{"start":{"line":63,"column":27},"end":{"line":76,"column":2}}]},"1":{"type":"branch","line":67,"loc":{"start":{"line":67,"column":6},"end":{"line":68,"column":22}},"locations":[{"start":{"line":67,"column":6},"end":{"line":68,"column":22}}]},"2":{"type":"branch","line":65,"loc":{"start":{"line":65,"column":29},"end":{"line":66,"column":66}},"locations":[{"start":{"line":65,"column":29},"end":{"line":66,"column":66}}]},"3":{"type":"branch","line":80,"loc":{"start":{"line":80,"column":2},"end":{"line":167,"column":3}},"locations":[{"start":{"line":80,"column":2},"end":{"line":167,"column":3}}]},"4":{"type":"branch","line":85,"loc":{"start":{"line":85,"column":18},"end":{"line":86,"column":72}},"locations":[{"start":{"line":85,"column":18},"end":{"line":86,"column":72}}]},"5":{"type":"branch","line":86,"loc":{"start":{"line":86,"column":70},"end":{"line":87,"column":32}},"locations":[{"start":{"line":86,"column":70},"end":{"line":87,"column":32}}]},"6":{"type":"branch","line":99,"loc":{"start":{"line":99,"column":7},"end":{"line":103,"column":24}},"locations":[{"start":{"line":99,"column":7},"end":{"line":103,"column":24}}]},"7":{"type":"branch","line":103,"loc":{"start":{"line":103,"column":24},"end":{"line":119,"column":7}},"locations":[{"start":{"line":103,"column":24},"end":{"line":119,"column":7}}]},"8":{"type":"branch","line":104,"loc":{"start":{"line":104,"column":61},"end":{"line":114,"column":9}},"locations":[{"start":{"line":104,"column":61},"end":{"line":114,"column":9}}]},"9":{"type":"branch","line":114,"loc":{"start":{"line":114,"column":8},"end":{"line":119,"column":7}},"locations":[{"start":{"line":114,"column":8},"end":{"line":119,"column":7}}]},"10":{"type":"branch","line":119,"loc":{"start":{"line":119,"column":6},"end":{"line":123,"column":13}},"locations":[{"start":{"line":119,"column":6},"end":{"line":123,"column":13}}]},"11":{"type":"branch","line":123,"loc":{"start":{"line":123,"column":4},"end":{"line":166,"column":5}},"locations":[{"start":{"line":123,"column":4},"end":{"line":166,"column":5}}]},"12":{"type":"branch","line":125,"loc":{"start":{"line":125,"column":41},"end":{"line":136,"column":9}},"locations":[{"start":{"line":125,"column":41},"end":{"line":136,"column":9}}]},"13":{"type":"branch","line":141,"loc":{"start":{"line":141,"column":10},"end":{"line":153,"column":9}},"locations":[{"start":{"line":141,"column":10},"end":{"line":153,"column":9}}]},"14":{"type":"branch","line":155,"loc":{"start":{"line":155,"column":44},"end":{"line":160,"column":9}},"locations":[{"start":{"line":155,"column":44},"end":{"line":160,"column":9}}]},"15":{"type":"branch","line":160,"loc":{"start":{"line":160,"column":8},"end":{"line":163,"column":7}},"locations":[{"start":{"line":160,"column":8},"end":{"line":163,"column":7}}]},"16":{"type":"branch","line":163,"loc":{"start":{"line":163,"column":6},"end":{"line":166,"column":5}},"locations":[{"start":{"line":163,"column":6},"end":{"line":166,"column":5}}]}},"b":{"0":[1],"1":[0],"2":[3],"3":[8],"4":[7],"5":[1],"6":[7],"7":[2],"8":[1],"9":[0],"10":[5],"11":[3],"12":[0],"13":[0],"14":[1],"15":[2],"16":[0]},"fnMap":{"0":{"name":"createMockResponse","decl":{"start":{"line":63,"column":27},"end":{"line":76,"column":2}},"loc":{"start":{"line":63,"column":27},"end":{"line":76,"column":2}},"line":63},"1":{"name":"delay","decl":{"start":{"line":78,"column":14},"end":{"line":78,"column":80}},"loc":{"start":{"line":78,"column":14},"end":{"line":78,"column":80}},"line":78},"2":{"name":"searchCharacters","decl":{"start":{"line":80,"column":2},"end":{"line":167,"column":3}},"loc":{"start":{"line":80,"column":2},"end":{"line":167,"column":3}},"line":80}},"f":{"0":1,"1":0,"2":8}}
,"C:\\Users\\user\\Documents\\pet-projects\\react\\src\\types\\Character.ts": {"path":"C:\\Users\\user\\Documents\\pet-projects\\react\\src\\types\\Character.ts","all":true,"statementMap":{},"s":{},"branchMap":{"0":{"type":"branch","line":1,"loc":{"start":{"line":1,"column":492},"end":{"line":25,"column":1}},"locations":[{"start":{"line":1,"column":492},"end":{"line":25,"column":1}}]}},"b":{"0":[1]},"fnMap":{"0":{"name":"(empty-report)","decl":{"start":{"line":1,"column":492},"end":{"line":25,"column":1}},"loc":{"start":{"line":1,"column":492},"end":{"line":25,"column":1}},"line":1}},"f":{"0":1}}
}
